20:05:57  DEBUG o.s.c.a.AnnotationConfigApplicationContext - Refreshing org.springframework.context.annotation.AnnotationConfigApplicationContext@36415dd5
20:05:57  DEBUG o.s.b.f.s.DefaultListableBeanFactory - Creating shared instance of singleton bean 'org.springframework.context.annotation.internalConfigurationAnnotationProcessor'
20:05:57  DEBUG o.s.b.f.s.DefaultListableBeanFactory - Creating shared instance of singleton bean 'org.springframework.context.event.internalEventListenerProcessor'
20:05:57  DEBUG o.s.b.f.s.DefaultListableBeanFactory - Creating shared instance of singleton bean 'org.springframework.context.event.internalEventListenerFactory'
20:05:57  DEBUG o.s.b.f.s.DefaultListableBeanFactory - Creating shared instance of singleton bean 'org.springframework.context.annotation.internalAutowiredAnnotationProcessor'
20:05:57  DEBUG o.s.b.f.s.DefaultListableBeanFactory - Creating shared instance of singleton bean 'org.springframework.context.annotation.internalCommonAnnotationProcessor'
20:05:57  DEBUG o.s.b.f.s.DefaultListableBeanFactory - Creating shared instance of singleton bean 'org.springframework.aop.config.internalAutoProxyCreator'
20:05:57  DEBUG o.s.b.f.s.DefaultListableBeanFactory - Creating shared instance of singleton bean 'defaultBeanConfiguration'
20:05:57  DEBUG o.s.a.a.a.ReflectiveAspectJAdvisorFactory - Found AspectJ method: public java.lang.Object io.appium.java_client.events.DefaultAspect.doAround(org.aspectj.lang.ProceedingJoinPoint) throws java.lang.Throwable
20:05:57  DEBUG o.s.a.a.a.ReflectiveAspectJAdvisorFactory - Found AspectJ method: public void io.appium.java_client.events.DefaultAspect.beforeAlertAccept(org.aspectj.lang.JoinPoint) throws java.lang.Throwable
20:05:57  DEBUG o.s.a.a.a.ReflectiveAspectJAdvisorFactory - Found AspectJ method: public void io.appium.java_client.events.DefaultAspect.beforeAlertDismiss(org.aspectj.lang.JoinPoint) throws java.lang.Throwable
20:05:57  DEBUG o.s.a.a.a.ReflectiveAspectJAdvisorFactory - Found AspectJ method: public void io.appium.java_client.events.DefaultAspect.beforeAlertSendKeys(org.aspectj.lang.JoinPoint) throws java.lang.Throwable
20:05:57  DEBUG o.s.a.a.a.ReflectiveAspectJAdvisorFactory - Found AspectJ method: public void io.appium.java_client.events.DefaultAspect.beforeChangeValueOf(org.aspectj.lang.JoinPoint) throws java.lang.Throwable
20:05:57  DEBUG o.s.a.a.a.ReflectiveAspectJAdvisorFactory - Found AspectJ method: public void io.appium.java_client.events.DefaultAspect.beforeClickOn(org.aspectj.lang.JoinPoint) throws java.lang.Throwable
20:05:57  DEBUG o.s.a.a.a.ReflectiveAspectJAdvisorFactory - Found AspectJ method: public void io.appium.java_client.events.DefaultAspect.beforeFindBy(org.aspectj.lang.JoinPoint) throws java.lang.Throwable
20:05:57  DEBUG o.s.a.a.a.ReflectiveAspectJAdvisorFactory - Found AspectJ method: public void io.appium.java_client.events.DefaultAspect.beforeMaximization(org.aspectj.lang.JoinPoint) throws java.lang.Throwable
20:05:57  DEBUG o.s.a.a.a.ReflectiveAspectJAdvisorFactory - Found AspectJ method: public void io.appium.java_client.events.DefaultAspect.beforeNavigateBack(org.aspectj.lang.JoinPoint) throws java.lang.Throwable
20:05:57  DEBUG o.s.a.a.a.ReflectiveAspectJAdvisorFactory - Found AspectJ method: public void io.appium.java_client.events.DefaultAspect.beforeNavigateForward(org.aspectj.lang.JoinPoint) throws java.lang.Throwable
20:05:57  DEBUG o.s.a.a.a.ReflectiveAspectJAdvisorFactory - Found AspectJ method: public void io.appium.java_client.events.DefaultAspect.beforeNavigateRefresh(org.aspectj.lang.JoinPoint) throws java.lang.Throwable
20:05:57  DEBUG o.s.a.a.a.ReflectiveAspectJAdvisorFactory - Found AspectJ method: public void io.appium.java_client.events.DefaultAspect.beforeNavigateTo(org.aspectj.lang.JoinPoint) throws java.lang.Throwable
20:05:57  DEBUG o.s.a.a.a.ReflectiveAspectJAdvisorFactory - Found AspectJ method: public void io.appium.java_client.events.DefaultAspect.beforeRotation(org.aspectj.lang.JoinPoint) throws java.lang.Throwable
20:05:57  DEBUG o.s.a.a.a.ReflectiveAspectJAdvisorFactory - Found AspectJ method: public void io.appium.java_client.events.DefaultAspect.beforeScript(org.aspectj.lang.JoinPoint) throws java.lang.Throwable
20:05:57  DEBUG o.s.a.a.a.ReflectiveAspectJAdvisorFactory - Found AspectJ method: public void io.appium.java_client.events.DefaultAspect.beforeSwitchToWindow(org.aspectj.lang.JoinPoint) throws java.lang.Throwable
20:05:57  DEBUG o.s.a.a.a.ReflectiveAspectJAdvisorFactory - Found AspectJ method: public void io.appium.java_client.events.DefaultAspect.beforeSwitchingToContext(org.aspectj.lang.JoinPoint) throws java.lang.Throwable
20:05:57  DEBUG o.s.a.a.a.ReflectiveAspectJAdvisorFactory - Found AspectJ method: public void io.appium.java_client.events.DefaultAspect.beforeTakeScreenShot(org.aspectj.lang.JoinPoint) throws java.lang.Throwable
20:05:57  DEBUG o.s.a.a.a.ReflectiveAspectJAdvisorFactory - Found AspectJ method: public void io.appium.java_client.events.DefaultAspect.beforeWindowIsMoved(org.aspectj.lang.JoinPoint) throws java.lang.Throwable
20:05:57  DEBUG o.s.a.a.a.ReflectiveAspectJAdvisorFactory - Found AspectJ method: public void io.appium.java_client.events.DefaultAspect.beforeWindowIsResized(org.aspectj.lang.JoinPoint) throws java.lang.Throwable
20:05:57  DEBUG o.s.a.a.a.ReflectiveAspectJAdvisorFactory - Found AspectJ method: public void io.appium.java_client.events.DefaultAspect.afterAlertAccept(org.aspectj.lang.JoinPoint) throws java.lang.Throwable
20:05:57  DEBUG o.s.a.a.a.ReflectiveAspectJAdvisorFactory - Found AspectJ method: public void io.appium.java_client.events.DefaultAspect.afterAlertDismiss(org.aspectj.lang.JoinPoint) throws java.lang.Throwable
20:05:57  DEBUG o.s.a.a.a.ReflectiveAspectJAdvisorFactory - Found AspectJ method: public void io.appium.java_client.events.DefaultAspect.afterAlertSendKeys(org.aspectj.lang.JoinPoint) throws java.lang.Throwable
20:05:57  DEBUG o.s.a.a.a.ReflectiveAspectJAdvisorFactory - Found AspectJ method: public void io.appium.java_client.events.DefaultAspect.afterChangeValueOf(org.aspectj.lang.JoinPoint) throws java.lang.Throwable
20:05:57  DEBUG o.s.a.a.a.ReflectiveAspectJAdvisorFactory - Found AspectJ method: public void io.appium.java_client.events.DefaultAspect.afterClickOn(org.aspectj.lang.JoinPoint) throws java.lang.Throwable
20:05:57  DEBUG o.s.a.a.a.ReflectiveAspectJAdvisorFactory - Found AspectJ method: public void io.appium.java_client.events.DefaultAspect.afterFindBy(org.aspectj.lang.JoinPoint) throws java.lang.Throwable
20:05:57  DEBUG o.s.a.a.a.ReflectiveAspectJAdvisorFactory - Found AspectJ method: public void io.appium.java_client.events.DefaultAspect.afterMaximization(org.aspectj.lang.JoinPoint) throws java.lang.Throwable
20:05:57  DEBUG o.s.a.a.a.ReflectiveAspectJAdvisorFactory - Found AspectJ method: public void io.appium.java_client.events.DefaultAspect.afterNavigateBack(org.aspectj.lang.JoinPoint) throws java.lang.Throwable
20:05:57  DEBUG o.s.a.a.a.ReflectiveAspectJAdvisorFactory - Found AspectJ method: public void io.appium.java_client.events.DefaultAspect.afterNavigateForward(org.aspectj.lang.JoinPoint) throws java.lang.Throwable
20:05:57  DEBUG o.s.a.a.a.ReflectiveAspectJAdvisorFactory - Found AspectJ method: public void io.appium.java_client.events.DefaultAspect.afterNavigateRefresh(org.aspectj.lang.JoinPoint) throws java.lang.Throwable
20:05:57  DEBUG o.s.a.a.a.ReflectiveAspectJAdvisorFactory - Found AspectJ method: public void io.appium.java_client.events.DefaultAspect.afterNavigateTo(org.aspectj.lang.JoinPoint) throws java.lang.Throwable
20:05:57  DEBUG o.s.a.a.a.ReflectiveAspectJAdvisorFactory - Found AspectJ method: public void io.appium.java_client.events.DefaultAspect.afterRotation(org.aspectj.lang.JoinPoint) throws java.lang.Throwable
20:05:57  DEBUG o.s.a.a.a.ReflectiveAspectJAdvisorFactory - Found AspectJ method: public void io.appium.java_client.events.DefaultAspect.afterScript(org.aspectj.lang.JoinPoint) throws java.lang.Throwable
20:05:57  DEBUG o.s.a.a.a.ReflectiveAspectJAdvisorFactory - Found AspectJ method: public void io.appium.java_client.events.DefaultAspect.afterSwitchToWindow(org.aspectj.lang.JoinPoint) throws java.lang.Throwable
20:05:57  DEBUG o.s.a.a.a.ReflectiveAspectJAdvisorFactory - Found AspectJ method: public void io.appium.java_client.events.DefaultAspect.afterSwitchingToContextn(org.aspectj.lang.JoinPoint) throws java.lang.Throwable
20:05:57  DEBUG o.s.a.a.a.ReflectiveAspectJAdvisorFactory - Found AspectJ method: public void io.appium.java_client.events.DefaultAspect.afterWindowIsMoved(org.aspectj.lang.JoinPoint) throws java.lang.Throwable
20:05:57  DEBUG o.s.a.a.a.ReflectiveAspectJAdvisorFactory - Found AspectJ method: public void io.appium.java_client.events.DefaultAspect.afterWindowIsResized(org.aspectj.lang.JoinPoint) throws java.lang.Throwable
20:05:57  DEBUG o.s.a.a.a.ReflectiveAspectJAdvisorFactory - Found AspectJ method: public void io.appium.java_client.events.DefaultAspect.afterTakeScreenShot(org.aspectj.lang.JoinPoint,java.lang.Object) throws java.lang.Throwable
20:05:57  DEBUG o.s.a.a.a.ReflectiveAspectJAdvisorFactory - Found AspectJ method: public java.lang.Object io.appium.java_client.events.DefaultAspect.doAround(org.aspectj.lang.ProceedingJoinPoint) throws java.lang.Throwable
20:05:57  DEBUG o.s.a.a.a.ReflectiveAspectJAdvisorFactory - Found AspectJ method: public void io.appium.java_client.events.DefaultAspect.beforeAlertAccept(org.aspectj.lang.JoinPoint) throws java.lang.Throwable
20:05:57  DEBUG o.s.a.a.a.ReflectiveAspectJAdvisorFactory - Found AspectJ method: public void io.appium.java_client.events.DefaultAspect.beforeAlertDismiss(org.aspectj.lang.JoinPoint) throws java.lang.Throwable
20:05:57  DEBUG o.s.a.a.a.ReflectiveAspectJAdvisorFactory - Found AspectJ method: public void io.appium.java_client.events.DefaultAspect.beforeAlertSendKeys(org.aspectj.lang.JoinPoint) throws java.lang.Throwable
20:05:57  DEBUG o.s.a.a.a.ReflectiveAspectJAdvisorFactory - Found AspectJ method: public void io.appium.java_client.events.DefaultAspect.beforeChangeValueOf(org.aspectj.lang.JoinPoint) throws java.lang.Throwable
20:05:57  DEBUG o.s.a.a.a.ReflectiveAspectJAdvisorFactory - Found AspectJ method: public void io.appium.java_client.events.DefaultAspect.beforeClickOn(org.aspectj.lang.JoinPoint) throws java.lang.Throwable
20:05:57  DEBUG o.s.a.a.a.ReflectiveAspectJAdvisorFactory - Found AspectJ method: public void io.appium.java_client.events.DefaultAspect.beforeFindBy(org.aspectj.lang.JoinPoint) throws java.lang.Throwable
20:05:57  DEBUG o.s.a.a.a.ReflectiveAspectJAdvisorFactory - Found AspectJ method: public void io.appium.java_client.events.DefaultAspect.beforeMaximization(org.aspectj.lang.JoinPoint) throws java.lang.Throwable
20:05:57  DEBUG o.s.a.a.a.ReflectiveAspectJAdvisorFactory - Found AspectJ method: public void io.appium.java_client.events.DefaultAspect.beforeNavigateBack(org.aspectj.lang.JoinPoint) throws java.lang.Throwable
20:05:57  DEBUG o.s.a.a.a.ReflectiveAspectJAdvisorFactory - Found AspectJ method: public void io.appium.java_client.events.DefaultAspect.beforeNavigateForward(org.aspectj.lang.JoinPoint) throws java.lang.Throwable
20:05:57  DEBUG o.s.a.a.a.ReflectiveAspectJAdvisorFactory - Found AspectJ method: public void io.appium.java_client.events.DefaultAspect.beforeNavigateRefresh(org.aspectj.lang.JoinPoint) throws java.lang.Throwable
20:05:57  DEBUG o.s.a.a.a.ReflectiveAspectJAdvisorFactory - Found AspectJ method: public void io.appium.java_client.events.DefaultAspect.beforeNavigateTo(org.aspectj.lang.JoinPoint) throws java.lang.Throwable
20:05:57  DEBUG o.s.a.a.a.ReflectiveAspectJAdvisorFactory - Found AspectJ method: public void io.appium.java_client.events.DefaultAspect.beforeRotation(org.aspectj.lang.JoinPoint) throws java.lang.Throwable
20:05:57  DEBUG o.s.a.a.a.ReflectiveAspectJAdvisorFactory - Found AspectJ method: public void io.appium.java_client.events.DefaultAspect.beforeScript(org.aspectj.lang.JoinPoint) throws java.lang.Throwable
20:05:57  DEBUG o.s.a.a.a.ReflectiveAspectJAdvisorFactory - Found AspectJ method: public void io.appium.java_client.events.DefaultAspect.beforeSwitchToWindow(org.aspectj.lang.JoinPoint) throws java.lang.Throwable
20:05:57  DEBUG o.s.a.a.a.ReflectiveAspectJAdvisorFactory - Found AspectJ method: public void io.appium.java_client.events.DefaultAspect.beforeSwitchingToContext(org.aspectj.lang.JoinPoint) throws java.lang.Throwable
20:05:57  DEBUG o.s.a.a.a.ReflectiveAspectJAdvisorFactory - Found AspectJ method: public void io.appium.java_client.events.DefaultAspect.beforeTakeScreenShot(org.aspectj.lang.JoinPoint) throws java.lang.Throwable
20:05:57  DEBUG o.s.a.a.a.ReflectiveAspectJAdvisorFactory - Found AspectJ method: public void io.appium.java_client.events.DefaultAspect.beforeWindowIsMoved(org.aspectj.lang.JoinPoint) throws java.lang.Throwable
20:05:57  DEBUG o.s.a.a.a.ReflectiveAspectJAdvisorFactory - Found AspectJ method: public void io.appium.java_client.events.DefaultAspect.beforeWindowIsResized(org.aspectj.lang.JoinPoint) throws java.lang.Throwable
20:05:57  DEBUG o.s.a.a.a.ReflectiveAspectJAdvisorFactory - Found AspectJ method: public void io.appium.java_client.events.DefaultAspect.afterAlertAccept(org.aspectj.lang.JoinPoint) throws java.lang.Throwable
20:05:57  DEBUG o.s.a.a.a.ReflectiveAspectJAdvisorFactory - Found AspectJ method: public void io.appium.java_client.events.DefaultAspect.afterAlertDismiss(org.aspectj.lang.JoinPoint) throws java.lang.Throwable
20:05:57  DEBUG o.s.a.a.a.ReflectiveAspectJAdvisorFactory - Found AspectJ method: public void io.appium.java_client.events.DefaultAspect.afterAlertSendKeys(org.aspectj.lang.JoinPoint) throws java.lang.Throwable
20:05:57  DEBUG o.s.a.a.a.ReflectiveAspectJAdvisorFactory - Found AspectJ method: public void io.appium.java_client.events.DefaultAspect.afterChangeValueOf(org.aspectj.lang.JoinPoint) throws java.lang.Throwable
20:05:57  DEBUG o.s.a.a.a.ReflectiveAspectJAdvisorFactory - Found AspectJ method: public void io.appium.java_client.events.DefaultAspect.afterClickOn(org.aspectj.lang.JoinPoint) throws java.lang.Throwable
20:05:57  DEBUG o.s.a.a.a.ReflectiveAspectJAdvisorFactory - Found AspectJ method: public void io.appium.java_client.events.DefaultAspect.afterFindBy(org.aspectj.lang.JoinPoint) throws java.lang.Throwable
20:05:57  DEBUG o.s.a.a.a.ReflectiveAspectJAdvisorFactory - Found AspectJ method: public void io.appium.java_client.events.DefaultAspect.afterMaximization(org.aspectj.lang.JoinPoint) throws java.lang.Throwable
20:05:57  DEBUG o.s.a.a.a.ReflectiveAspectJAdvisorFactory - Found AspectJ method: public void io.appium.java_client.events.DefaultAspect.afterNavigateBack(org.aspectj.lang.JoinPoint) throws java.lang.Throwable
20:05:57  DEBUG o.s.a.a.a.ReflectiveAspectJAdvisorFactory - Found AspectJ method: public void io.appium.java_client.events.DefaultAspect.afterNavigateForward(org.aspectj.lang.JoinPoint) throws java.lang.Throwable
20:05:57  DEBUG o.s.a.a.a.ReflectiveAspectJAdvisorFactory - Found AspectJ method: public void io.appium.java_client.events.DefaultAspect.afterNavigateRefresh(org.aspectj.lang.JoinPoint) throws java.lang.Throwable
20:05:57  DEBUG o.s.a.a.a.ReflectiveAspectJAdvisorFactory - Found AspectJ method: public void io.appium.java_client.events.DefaultAspect.afterNavigateTo(org.aspectj.lang.JoinPoint) throws java.lang.Throwable
20:05:57  DEBUG o.s.a.a.a.ReflectiveAspectJAdvisorFactory - Found AspectJ method: public void io.appium.java_client.events.DefaultAspect.afterRotation(org.aspectj.lang.JoinPoint) throws java.lang.Throwable
20:05:57  DEBUG o.s.a.a.a.ReflectiveAspectJAdvisorFactory - Found AspectJ method: public void io.appium.java_client.events.DefaultAspect.afterScript(org.aspectj.lang.JoinPoint) throws java.lang.Throwable
20:05:57  DEBUG o.s.a.a.a.ReflectiveAspectJAdvisorFactory - Found AspectJ method: public void io.appium.java_client.events.DefaultAspect.afterSwitchToWindow(org.aspectj.lang.JoinPoint) throws java.lang.Throwable
20:05:57  DEBUG o.s.a.a.a.ReflectiveAspectJAdvisorFactory - Found AspectJ method: public void io.appium.java_client.events.DefaultAspect.afterSwitchingToContextn(org.aspectj.lang.JoinPoint) throws java.lang.Throwable
20:05:57  DEBUG o.s.a.a.a.ReflectiveAspectJAdvisorFactory - Found AspectJ method: public void io.appium.java_client.events.DefaultAspect.afterWindowIsMoved(org.aspectj.lang.JoinPoint) throws java.lang.Throwable
20:05:57  DEBUG o.s.a.a.a.ReflectiveAspectJAdvisorFactory - Found AspectJ method: public void io.appium.java_client.events.DefaultAspect.afterWindowIsResized(org.aspectj.lang.JoinPoint) throws java.lang.Throwable
20:05:57  DEBUG o.s.a.a.a.ReflectiveAspectJAdvisorFactory - Found AspectJ method: public void io.appium.java_client.events.DefaultAspect.afterTakeScreenShot(org.aspectj.lang.JoinPoint,java.lang.Object) throws java.lang.Throwable
20:05:57  DEBUG o.s.a.a.a.ReflectiveAspectJAdvisorFactory - Found AspectJ method: public java.lang.Object io.appium.java_client.events.DefaultAspect.doAround(org.aspectj.lang.ProceedingJoinPoint) throws java.lang.Throwable
20:05:57  DEBUG o.s.a.a.a.ReflectiveAspectJAdvisorFactory - Found AspectJ method: public void io.appium.java_client.events.DefaultAspect.beforeAlertAccept(org.aspectj.lang.JoinPoint) throws java.lang.Throwable
20:05:57  DEBUG o.s.a.a.a.ReflectiveAspectJAdvisorFactory - Found AspectJ method: public void io.appium.java_client.events.DefaultAspect.beforeAlertDismiss(org.aspectj.lang.JoinPoint) throws java.lang.Throwable
20:05:57  DEBUG o.s.a.a.a.ReflectiveAspectJAdvisorFactory - Found AspectJ method: public void io.appium.java_client.events.DefaultAspect.beforeAlertSendKeys(org.aspectj.lang.JoinPoint) throws java.lang.Throwable
20:05:57  DEBUG o.s.a.a.a.ReflectiveAspectJAdvisorFactory - Found AspectJ method: public void io.appium.java_client.events.DefaultAspect.beforeChangeValueOf(org.aspectj.lang.JoinPoint) throws java.lang.Throwable
20:05:57  DEBUG o.s.a.a.a.ReflectiveAspectJAdvisorFactory - Found AspectJ method: public void io.appium.java_client.events.DefaultAspect.beforeClickOn(org.aspectj.lang.JoinPoint) throws java.lang.Throwable
20:05:57  DEBUG o.s.a.a.a.ReflectiveAspectJAdvisorFactory - Found AspectJ method: public void io.appium.java_client.events.DefaultAspect.beforeFindBy(org.aspectj.lang.JoinPoint) throws java.lang.Throwable
20:05:57  DEBUG o.s.a.a.a.ReflectiveAspectJAdvisorFactory - Found AspectJ method: public void io.appium.java_client.events.DefaultAspect.beforeMaximization(org.aspectj.lang.JoinPoint) throws java.lang.Throwable
20:05:57  DEBUG o.s.a.a.a.ReflectiveAspectJAdvisorFactory - Found AspectJ method: public void io.appium.java_client.events.DefaultAspect.beforeNavigateBack(org.aspectj.lang.JoinPoint) throws java.lang.Throwable
20:05:57  DEBUG o.s.a.a.a.ReflectiveAspectJAdvisorFactory - Found AspectJ method: public void io.appium.java_client.events.DefaultAspect.beforeNavigateForward(org.aspectj.lang.JoinPoint) throws java.lang.Throwable
20:05:57  DEBUG o.s.a.a.a.ReflectiveAspectJAdvisorFactory - Found AspectJ method: public void io.appium.java_client.events.DefaultAspect.beforeNavigateRefresh(org.aspectj.lang.JoinPoint) throws java.lang.Throwable
20:05:57  DEBUG o.s.a.a.a.ReflectiveAspectJAdvisorFactory - Found AspectJ method: public void io.appium.java_client.events.DefaultAspect.beforeNavigateTo(org.aspectj.lang.JoinPoint) throws java.lang.Throwable
20:05:57  DEBUG o.s.a.a.a.ReflectiveAspectJAdvisorFactory - Found AspectJ method: public void io.appium.java_client.events.DefaultAspect.beforeRotation(org.aspectj.lang.JoinPoint) throws java.lang.Throwable
20:05:57  DEBUG o.s.a.a.a.ReflectiveAspectJAdvisorFactory - Found AspectJ method: public void io.appium.java_client.events.DefaultAspect.beforeScript(org.aspectj.lang.JoinPoint) throws java.lang.Throwable
20:05:57  DEBUG o.s.a.a.a.ReflectiveAspectJAdvisorFactory - Found AspectJ method: public void io.appium.java_client.events.DefaultAspect.beforeSwitchToWindow(org.aspectj.lang.JoinPoint) throws java.lang.Throwable
20:05:57  DEBUG o.s.a.a.a.ReflectiveAspectJAdvisorFactory - Found AspectJ method: public void io.appium.java_client.events.DefaultAspect.beforeSwitchingToContext(org.aspectj.lang.JoinPoint) throws java.lang.Throwable
20:05:57  DEBUG o.s.a.a.a.ReflectiveAspectJAdvisorFactory - Found AspectJ method: public void io.appium.java_client.events.DefaultAspect.beforeTakeScreenShot(org.aspectj.lang.JoinPoint) throws java.lang.Throwable
20:05:57  DEBUG o.s.a.a.a.ReflectiveAspectJAdvisorFactory - Found AspectJ method: public void io.appium.java_client.events.DefaultAspect.beforeWindowIsMoved(org.aspectj.lang.JoinPoint) throws java.lang.Throwable
20:05:57  DEBUG o.s.a.a.a.ReflectiveAspectJAdvisorFactory - Found AspectJ method: public void io.appium.java_client.events.DefaultAspect.beforeWindowIsResized(org.aspectj.lang.JoinPoint) throws java.lang.Throwable
20:05:57  DEBUG o.s.a.a.a.ReflectiveAspectJAdvisorFactory - Found AspectJ method: public void io.appium.java_client.events.DefaultAspect.afterAlertAccept(org.aspectj.lang.JoinPoint) throws java.lang.Throwable
20:05:57  DEBUG o.s.a.a.a.ReflectiveAspectJAdvisorFactory - Found AspectJ method: public void io.appium.java_client.events.DefaultAspect.afterAlertDismiss(org.aspectj.lang.JoinPoint) throws java.lang.Throwable
20:05:57  DEBUG o.s.a.a.a.ReflectiveAspectJAdvisorFactory - Found AspectJ method: public void io.appium.java_client.events.DefaultAspect.afterAlertSendKeys(org.aspectj.lang.JoinPoint) throws java.lang.Throwable
20:05:57  DEBUG o.s.a.a.a.ReflectiveAspectJAdvisorFactory - Found AspectJ method: public void io.appium.java_client.events.DefaultAspect.afterChangeValueOf(org.aspectj.lang.JoinPoint) throws java.lang.Throwable
20:05:57  DEBUG o.s.a.a.a.ReflectiveAspectJAdvisorFactory - Found AspectJ method: public void io.appium.java_client.events.DefaultAspect.afterClickOn(org.aspectj.lang.JoinPoint) throws java.lang.Throwable
20:05:57  DEBUG o.s.a.a.a.ReflectiveAspectJAdvisorFactory - Found AspectJ method: public void io.appium.java_client.events.DefaultAspect.afterFindBy(org.aspectj.lang.JoinPoint) throws java.lang.Throwable
20:05:57  DEBUG o.s.a.a.a.ReflectiveAspectJAdvisorFactory - Found AspectJ method: public void io.appium.java_client.events.DefaultAspect.afterMaximization(org.aspectj.lang.JoinPoint) throws java.lang.Throwable
20:05:57  DEBUG o.s.a.a.a.ReflectiveAspectJAdvisorFactory - Found AspectJ method: public void io.appium.java_client.events.DefaultAspect.afterNavigateBack(org.aspectj.lang.JoinPoint) throws java.lang.Throwable
20:05:57  DEBUG o.s.a.a.a.ReflectiveAspectJAdvisorFactory - Found AspectJ method: public void io.appium.java_client.events.DefaultAspect.afterNavigateForward(org.aspectj.lang.JoinPoint) throws java.lang.Throwable
20:05:57  DEBUG o.s.a.a.a.ReflectiveAspectJAdvisorFactory - Found AspectJ method: public void io.appium.java_client.events.DefaultAspect.afterNavigateRefresh(org.aspectj.lang.JoinPoint) throws java.lang.Throwable
20:05:57  DEBUG o.s.a.a.a.ReflectiveAspectJAdvisorFactory - Found AspectJ method: public void io.appium.java_client.events.DefaultAspect.afterNavigateTo(org.aspectj.lang.JoinPoint) throws java.lang.Throwable
20:05:57  DEBUG o.s.a.a.a.ReflectiveAspectJAdvisorFactory - Found AspectJ method: public void io.appium.java_client.events.DefaultAspect.afterRotation(org.aspectj.lang.JoinPoint) throws java.lang.Throwable
20:05:57  DEBUG o.s.a.a.a.ReflectiveAspectJAdvisorFactory - Found AspectJ method: public void io.appium.java_client.events.DefaultAspect.afterScript(org.aspectj.lang.JoinPoint) throws java.lang.Throwable
20:05:57  DEBUG o.s.a.a.a.ReflectiveAspectJAdvisorFactory - Found AspectJ method: public void io.appium.java_client.events.DefaultAspect.afterSwitchToWindow(org.aspectj.lang.JoinPoint) throws java.lang.Throwable
20:05:57  DEBUG o.s.a.a.a.ReflectiveAspectJAdvisorFactory - Found AspectJ method: public void io.appium.java_client.events.DefaultAspect.afterSwitchingToContextn(org.aspectj.lang.JoinPoint) throws java.lang.Throwable
20:05:57  DEBUG o.s.a.a.a.ReflectiveAspectJAdvisorFactory - Found AspectJ method: public void io.appium.java_client.events.DefaultAspect.afterWindowIsMoved(org.aspectj.lang.JoinPoint) throws java.lang.Throwable
20:05:57  DEBUG o.s.a.a.a.ReflectiveAspectJAdvisorFactory - Found AspectJ method: public void io.appium.java_client.events.DefaultAspect.afterWindowIsResized(org.aspectj.lang.JoinPoint) throws java.lang.Throwable
20:05:57  DEBUG o.s.a.a.a.ReflectiveAspectJAdvisorFactory - Found AspectJ method: public void io.appium.java_client.events.DefaultAspect.afterTakeScreenShot(org.aspectj.lang.JoinPoint,java.lang.Object) throws java.lang.Throwable
20:05:58  DEBUG o.s.a.a.a.ReflectiveAspectJAdvisorFactory - Found AspectJ method: public java.lang.Object io.appium.java_client.events.DefaultAspect.doAround(org.aspectj.lang.ProceedingJoinPoint) throws java.lang.Throwable
20:05:58  DEBUG o.s.a.a.a.ReflectiveAspectJAdvisorFactory - Found AspectJ method: public void io.appium.java_client.events.DefaultAspect.beforeAlertAccept(org.aspectj.lang.JoinPoint) throws java.lang.Throwable
20:05:58  DEBUG o.s.a.a.a.ReflectiveAspectJAdvisorFactory - Found AspectJ method: public void io.appium.java_client.events.DefaultAspect.beforeAlertDismiss(org.aspectj.lang.JoinPoint) throws java.lang.Throwable
20:05:58  DEBUG o.s.a.a.a.ReflectiveAspectJAdvisorFactory - Found AspectJ method: public void io.appium.java_client.events.DefaultAspect.beforeAlertSendKeys(org.aspectj.lang.JoinPoint) throws java.lang.Throwable
20:05:58  DEBUG o.s.a.a.a.ReflectiveAspectJAdvisorFactory - Found AspectJ method: public void io.appium.java_client.events.DefaultAspect.beforeChangeValueOf(org.aspectj.lang.JoinPoint) throws java.lang.Throwable
20:05:58  DEBUG o.s.a.a.a.ReflectiveAspectJAdvisorFactory - Found AspectJ method: public void io.appium.java_client.events.DefaultAspect.beforeClickOn(org.aspectj.lang.JoinPoint) throws java.lang.Throwable
20:05:58  DEBUG o.s.a.a.a.ReflectiveAspectJAdvisorFactory - Found AspectJ method: public void io.appium.java_client.events.DefaultAspect.beforeFindBy(org.aspectj.lang.JoinPoint) throws java.lang.Throwable
20:05:58  DEBUG o.s.a.a.a.ReflectiveAspectJAdvisorFactory - Found AspectJ method: public void io.appium.java_client.events.DefaultAspect.beforeMaximization(org.aspectj.lang.JoinPoint) throws java.lang.Throwable
20:05:58  DEBUG o.s.a.a.a.ReflectiveAspectJAdvisorFactory - Found AspectJ method: public void io.appium.java_client.events.DefaultAspect.beforeNavigateBack(org.aspectj.lang.JoinPoint) throws java.lang.Throwable
20:05:58  DEBUG o.s.a.a.a.ReflectiveAspectJAdvisorFactory - Found AspectJ method: public void io.appium.java_client.events.DefaultAspect.beforeNavigateForward(org.aspectj.lang.JoinPoint) throws java.lang.Throwable
20:05:58  DEBUG o.s.a.a.a.ReflectiveAspectJAdvisorFactory - Found AspectJ method: public void io.appium.java_client.events.DefaultAspect.beforeNavigateRefresh(org.aspectj.lang.JoinPoint) throws java.lang.Throwable
20:05:58  DEBUG o.s.a.a.a.ReflectiveAspectJAdvisorFactory - Found AspectJ method: public void io.appium.java_client.events.DefaultAspect.beforeNavigateTo(org.aspectj.lang.JoinPoint) throws java.lang.Throwable
20:05:58  DEBUG o.s.a.a.a.ReflectiveAspectJAdvisorFactory - Found AspectJ method: public void io.appium.java_client.events.DefaultAspect.beforeRotation(org.aspectj.lang.JoinPoint) throws java.lang.Throwable
20:05:58  DEBUG o.s.a.a.a.ReflectiveAspectJAdvisorFactory - Found AspectJ method: public void io.appium.java_client.events.DefaultAspect.beforeScript(org.aspectj.lang.JoinPoint) throws java.lang.Throwable
20:05:58  DEBUG o.s.a.a.a.ReflectiveAspectJAdvisorFactory - Found AspectJ method: public void io.appium.java_client.events.DefaultAspect.beforeSwitchToWindow(org.aspectj.lang.JoinPoint) throws java.lang.Throwable
20:05:58  DEBUG o.s.a.a.a.ReflectiveAspectJAdvisorFactory - Found AspectJ method: public void io.appium.java_client.events.DefaultAspect.beforeSwitchingToContext(org.aspectj.lang.JoinPoint) throws java.lang.Throwable
20:05:58  DEBUG o.s.a.a.a.ReflectiveAspectJAdvisorFactory - Found AspectJ method: public void io.appium.java_client.events.DefaultAspect.beforeTakeScreenShot(org.aspectj.lang.JoinPoint) throws java.lang.Throwable
20:05:58  DEBUG o.s.a.a.a.ReflectiveAspectJAdvisorFactory - Found AspectJ method: public void io.appium.java_client.events.DefaultAspect.beforeWindowIsMoved(org.aspectj.lang.JoinPoint) throws java.lang.Throwable
20:05:58  DEBUG o.s.a.a.a.ReflectiveAspectJAdvisorFactory - Found AspectJ method: public void io.appium.java_client.events.DefaultAspect.beforeWindowIsResized(org.aspectj.lang.JoinPoint) throws java.lang.Throwable
20:05:58  DEBUG o.s.a.a.a.ReflectiveAspectJAdvisorFactory - Found AspectJ method: public void io.appium.java_client.events.DefaultAspect.afterAlertAccept(org.aspectj.lang.JoinPoint) throws java.lang.Throwable
20:05:58  DEBUG o.s.a.a.a.ReflectiveAspectJAdvisorFactory - Found AspectJ method: public void io.appium.java_client.events.DefaultAspect.afterAlertDismiss(org.aspectj.lang.JoinPoint) throws java.lang.Throwable
20:05:58  DEBUG o.s.a.a.a.ReflectiveAspectJAdvisorFactory - Found AspectJ method: public void io.appium.java_client.events.DefaultAspect.afterAlertSendKeys(org.aspectj.lang.JoinPoint) throws java.lang.Throwable
20:05:58  DEBUG o.s.a.a.a.ReflectiveAspectJAdvisorFactory - Found AspectJ method: public void io.appium.java_client.events.DefaultAspect.afterChangeValueOf(org.aspectj.lang.JoinPoint) throws java.lang.Throwable
20:05:58  DEBUG o.s.a.a.a.ReflectiveAspectJAdvisorFactory - Found AspectJ method: public void io.appium.java_client.events.DefaultAspect.afterClickOn(org.aspectj.lang.JoinPoint) throws java.lang.Throwable
20:05:58  DEBUG o.s.a.a.a.ReflectiveAspectJAdvisorFactory - Found AspectJ method: public void io.appium.java_client.events.DefaultAspect.afterFindBy(org.aspectj.lang.JoinPoint) throws java.lang.Throwable
20:05:58  DEBUG o.s.a.a.a.ReflectiveAspectJAdvisorFactory - Found AspectJ method: public void io.appium.java_client.events.DefaultAspect.afterMaximization(org.aspectj.lang.JoinPoint) throws java.lang.Throwable
20:05:58  DEBUG o.s.a.a.a.ReflectiveAspectJAdvisorFactory - Found AspectJ method: public void io.appium.java_client.events.DefaultAspect.afterNavigateBack(org.aspectj.lang.JoinPoint) throws java.lang.Throwable
20:05:58  DEBUG o.s.a.a.a.ReflectiveAspectJAdvisorFactory - Found AspectJ method: public void io.appium.java_client.events.DefaultAspect.afterNavigateForward(org.aspectj.lang.JoinPoint) throws java.lang.Throwable
20:05:58  DEBUG o.s.a.a.a.ReflectiveAspectJAdvisorFactory - Found AspectJ method: public void io.appium.java_client.events.DefaultAspect.afterNavigateRefresh(org.aspectj.lang.JoinPoint) throws java.lang.Throwable
20:05:58  DEBUG o.s.a.a.a.ReflectiveAspectJAdvisorFactory - Found AspectJ method: public void io.appium.java_client.events.DefaultAspect.afterNavigateTo(org.aspectj.lang.JoinPoint) throws java.lang.Throwable
20:05:58  DEBUG o.s.a.a.a.ReflectiveAspectJAdvisorFactory - Found AspectJ method: public void io.appium.java_client.events.DefaultAspect.afterRotation(org.aspectj.lang.JoinPoint) throws java.lang.Throwable
20:05:58  DEBUG o.s.a.a.a.ReflectiveAspectJAdvisorFactory - Found AspectJ method: public void io.appium.java_client.events.DefaultAspect.afterScript(org.aspectj.lang.JoinPoint) throws java.lang.Throwable
20:05:58  DEBUG o.s.a.a.a.ReflectiveAspectJAdvisorFactory - Found AspectJ method: public void io.appium.java_client.events.DefaultAspect.afterSwitchToWindow(org.aspectj.lang.JoinPoint) throws java.lang.Throwable
20:05:58  DEBUG o.s.a.a.a.ReflectiveAspectJAdvisorFactory - Found AspectJ method: public void io.appium.java_client.events.DefaultAspect.afterSwitchingToContextn(org.aspectj.lang.JoinPoint) throws java.lang.Throwable
20:05:58  DEBUG o.s.a.a.a.ReflectiveAspectJAdvisorFactory - Found AspectJ method: public void io.appium.java_client.events.DefaultAspect.afterWindowIsMoved(org.aspectj.lang.JoinPoint) throws java.lang.Throwable
20:05:58  DEBUG o.s.a.a.a.ReflectiveAspectJAdvisorFactory - Found AspectJ method: public void io.appium.java_client.events.DefaultAspect.afterWindowIsResized(org.aspectj.lang.JoinPoint) throws java.lang.Throwable
20:05:58  DEBUG o.s.a.a.a.ReflectiveAspectJAdvisorFactory - Found AspectJ method: public void io.appium.java_client.events.DefaultAspect.afterTakeScreenShot(org.aspectj.lang.JoinPoint,java.lang.Object) throws java.lang.Throwable
20:05:58  DEBUG o.s.a.a.a.ReflectiveAspectJAdvisorFactory - Found AspectJ method: public java.lang.Object io.appium.java_client.events.DefaultAspect.doAround(org.aspectj.lang.ProceedingJoinPoint) throws java.lang.Throwable
20:05:58  DEBUG o.s.a.a.a.ReflectiveAspectJAdvisorFactory - Found AspectJ method: public void io.appium.java_client.events.DefaultAspect.beforeAlertAccept(org.aspectj.lang.JoinPoint) throws java.lang.Throwable
20:05:58  DEBUG o.s.a.a.a.ReflectiveAspectJAdvisorFactory - Found AspectJ method: public void io.appium.java_client.events.DefaultAspect.beforeAlertDismiss(org.aspectj.lang.JoinPoint) throws java.lang.Throwable
20:05:58  DEBUG o.s.a.a.a.ReflectiveAspectJAdvisorFactory - Found AspectJ method: public void io.appium.java_client.events.DefaultAspect.beforeAlertSendKeys(org.aspectj.lang.JoinPoint) throws java.lang.Throwable
20:05:58  DEBUG o.s.a.a.a.ReflectiveAspectJAdvisorFactory - Found AspectJ method: public void io.appium.java_client.events.DefaultAspect.beforeChangeValueOf(org.aspectj.lang.JoinPoint) throws java.lang.Throwable
20:05:58  DEBUG o.s.a.a.a.ReflectiveAspectJAdvisorFactory - Found AspectJ method: public void io.appium.java_client.events.DefaultAspect.beforeClickOn(org.aspectj.lang.JoinPoint) throws java.lang.Throwable
20:05:58  DEBUG o.s.a.a.a.ReflectiveAspectJAdvisorFactory - Found AspectJ method: public void io.appium.java_client.events.DefaultAspect.beforeFindBy(org.aspectj.lang.JoinPoint) throws java.lang.Throwable
20:05:58  DEBUG o.s.a.a.a.ReflectiveAspectJAdvisorFactory - Found AspectJ method: public void io.appium.java_client.events.DefaultAspect.beforeMaximization(org.aspectj.lang.JoinPoint) throws java.lang.Throwable
20:05:58  DEBUG o.s.a.a.a.ReflectiveAspectJAdvisorFactory - Found AspectJ method: public void io.appium.java_client.events.DefaultAspect.beforeNavigateBack(org.aspectj.lang.JoinPoint) throws java.lang.Throwable
20:05:58  DEBUG o.s.a.a.a.ReflectiveAspectJAdvisorFactory - Found AspectJ method: public void io.appium.java_client.events.DefaultAspect.beforeNavigateForward(org.aspectj.lang.JoinPoint) throws java.lang.Throwable
20:05:58  DEBUG o.s.a.a.a.ReflectiveAspectJAdvisorFactory - Found AspectJ method: public void io.appium.java_client.events.DefaultAspect.beforeNavigateRefresh(org.aspectj.lang.JoinPoint) throws java.lang.Throwable
20:05:58  DEBUG o.s.a.a.a.ReflectiveAspectJAdvisorFactory - Found AspectJ method: public void io.appium.java_client.events.DefaultAspect.beforeNavigateTo(org.aspectj.lang.JoinPoint) throws java.lang.Throwable
20:05:58  DEBUG o.s.a.a.a.ReflectiveAspectJAdvisorFactory - Found AspectJ method: public void io.appium.java_client.events.DefaultAspect.beforeRotation(org.aspectj.lang.JoinPoint) throws java.lang.Throwable
20:05:58  DEBUG o.s.a.a.a.ReflectiveAspectJAdvisorFactory - Found AspectJ method: public void io.appium.java_client.events.DefaultAspect.beforeScript(org.aspectj.lang.JoinPoint) throws java.lang.Throwable
20:05:58  DEBUG o.s.a.a.a.ReflectiveAspectJAdvisorFactory - Found AspectJ method: public void io.appium.java_client.events.DefaultAspect.beforeSwitchToWindow(org.aspectj.lang.JoinPoint) throws java.lang.Throwable
20:05:58  DEBUG o.s.a.a.a.ReflectiveAspectJAdvisorFactory - Found AspectJ method: public void io.appium.java_client.events.DefaultAspect.beforeSwitchingToContext(org.aspectj.lang.JoinPoint) throws java.lang.Throwable
20:05:58  DEBUG o.s.a.a.a.ReflectiveAspectJAdvisorFactory - Found AspectJ method: public void io.appium.java_client.events.DefaultAspect.beforeTakeScreenShot(org.aspectj.lang.JoinPoint) throws java.lang.Throwable
20:05:58  DEBUG o.s.a.a.a.ReflectiveAspectJAdvisorFactory - Found AspectJ method: public void io.appium.java_client.events.DefaultAspect.beforeWindowIsMoved(org.aspectj.lang.JoinPoint) throws java.lang.Throwable
20:05:58  DEBUG o.s.a.a.a.ReflectiveAspectJAdvisorFactory - Found AspectJ method: public void io.appium.java_client.events.DefaultAspect.beforeWindowIsResized(org.aspectj.lang.JoinPoint) throws java.lang.Throwable
20:05:58  DEBUG o.s.a.a.a.ReflectiveAspectJAdvisorFactory - Found AspectJ method: public void io.appium.java_client.events.DefaultAspect.afterAlertAccept(org.aspectj.lang.JoinPoint) throws java.lang.Throwable
20:05:58  DEBUG o.s.a.a.a.ReflectiveAspectJAdvisorFactory - Found AspectJ method: public void io.appium.java_client.events.DefaultAspect.afterAlertDismiss(org.aspectj.lang.JoinPoint) throws java.lang.Throwable
20:05:58  DEBUG o.s.a.a.a.ReflectiveAspectJAdvisorFactory - Found AspectJ method: public void io.appium.java_client.events.DefaultAspect.afterAlertSendKeys(org.aspectj.lang.JoinPoint) throws java.lang.Throwable
20:05:58  DEBUG o.s.a.a.a.ReflectiveAspectJAdvisorFactory - Found AspectJ method: public void io.appium.java_client.events.DefaultAspect.afterChangeValueOf(org.aspectj.lang.JoinPoint) throws java.lang.Throwable
20:05:58  DEBUG o.s.a.a.a.ReflectiveAspectJAdvisorFactory - Found AspectJ method: public void io.appium.java_client.events.DefaultAspect.afterClickOn(org.aspectj.lang.JoinPoint) throws java.lang.Throwable
20:05:58  DEBUG o.s.a.a.a.ReflectiveAspectJAdvisorFactory - Found AspectJ method: public void io.appium.java_client.events.DefaultAspect.afterFindBy(org.aspectj.lang.JoinPoint) throws java.lang.Throwable
20:05:58  DEBUG o.s.a.a.a.ReflectiveAspectJAdvisorFactory - Found AspectJ method: public void io.appium.java_client.events.DefaultAspect.afterMaximization(org.aspectj.lang.JoinPoint) throws java.lang.Throwable
20:05:58  DEBUG o.s.a.a.a.ReflectiveAspectJAdvisorFactory - Found AspectJ method: public void io.appium.java_client.events.DefaultAspect.afterNavigateBack(org.aspectj.lang.JoinPoint) throws java.lang.Throwable
20:05:58  DEBUG o.s.a.a.a.ReflectiveAspectJAdvisorFactory - Found AspectJ method: public void io.appium.java_client.events.DefaultAspect.afterNavigateForward(org.aspectj.lang.JoinPoint) throws java.lang.Throwable
20:05:58  DEBUG o.s.a.a.a.ReflectiveAspectJAdvisorFactory - Found AspectJ method: public void io.appium.java_client.events.DefaultAspect.afterNavigateRefresh(org.aspectj.lang.JoinPoint) throws java.lang.Throwable
20:05:58  DEBUG o.s.a.a.a.ReflectiveAspectJAdvisorFactory - Found AspectJ method: public void io.appium.java_client.events.DefaultAspect.afterNavigateTo(org.aspectj.lang.JoinPoint) throws java.lang.Throwable
20:05:58  DEBUG o.s.a.a.a.ReflectiveAspectJAdvisorFactory - Found AspectJ method: public void io.appium.java_client.events.DefaultAspect.afterRotation(org.aspectj.lang.JoinPoint) throws java.lang.Throwable
20:05:58  DEBUG o.s.a.a.a.ReflectiveAspectJAdvisorFactory - Found AspectJ method: public void io.appium.java_client.events.DefaultAspect.afterScript(org.aspectj.lang.JoinPoint) throws java.lang.Throwable
20:05:58  DEBUG o.s.a.a.a.ReflectiveAspectJAdvisorFactory - Found AspectJ method: public void io.appium.java_client.events.DefaultAspect.afterSwitchToWindow(org.aspectj.lang.JoinPoint) throws java.lang.Throwable
20:05:58  DEBUG o.s.a.a.a.ReflectiveAspectJAdvisorFactory - Found AspectJ method: public void io.appium.java_client.events.DefaultAspect.afterSwitchingToContextn(org.aspectj.lang.JoinPoint) throws java.lang.Throwable
20:05:58  DEBUG o.s.a.a.a.ReflectiveAspectJAdvisorFactory - Found AspectJ method: public void io.appium.java_client.events.DefaultAspect.afterWindowIsMoved(org.aspectj.lang.JoinPoint) throws java.lang.Throwable
20:05:58  DEBUG o.s.a.a.a.ReflectiveAspectJAdvisorFactory - Found AspectJ method: public void io.appium.java_client.events.DefaultAspect.afterWindowIsResized(org.aspectj.lang.JoinPoint) throws java.lang.Throwable
20:05:58  DEBUG o.s.a.a.a.ReflectiveAspectJAdvisorFactory - Found AspectJ method: public void io.appium.java_client.events.DefaultAspect.afterTakeScreenShot(org.aspectj.lang.JoinPoint,java.lang.Object) throws java.lang.Throwable
20:05:59  INFO  configWiki.AppiumListener - Start find element---By.xpath: //*[@resource-id='org.wikipedia:id/menu_overflow_button']
20:05:59  INFO  configWiki.AppiumListener - The element was found---By.xpath: //*[@resource-id='org.wikipedia:id/menu_overflow_button']
20:05:59  DEBUG o.s.a.a.a.ReflectiveAspectJAdvisorFactory - Found AspectJ method: public java.lang.Object io.appium.java_client.events.DefaultAspect.doAround(org.aspectj.lang.ProceedingJoinPoint) throws java.lang.Throwable
20:05:59  DEBUG o.s.a.a.a.ReflectiveAspectJAdvisorFactory - Found AspectJ method: public void io.appium.java_client.events.DefaultAspect.beforeAlertAccept(org.aspectj.lang.JoinPoint) throws java.lang.Throwable
20:05:59  DEBUG o.s.a.a.a.ReflectiveAspectJAdvisorFactory - Found AspectJ method: public void io.appium.java_client.events.DefaultAspect.beforeAlertDismiss(org.aspectj.lang.JoinPoint) throws java.lang.Throwable
20:05:59  DEBUG o.s.a.a.a.ReflectiveAspectJAdvisorFactory - Found AspectJ method: public void io.appium.java_client.events.DefaultAspect.beforeAlertSendKeys(org.aspectj.lang.JoinPoint) throws java.lang.Throwable
20:05:59  DEBUG o.s.a.a.a.ReflectiveAspectJAdvisorFactory - Found AspectJ method: public void io.appium.java_client.events.DefaultAspect.beforeChangeValueOf(org.aspectj.lang.JoinPoint) throws java.lang.Throwable
20:05:59  DEBUG o.s.a.a.a.ReflectiveAspectJAdvisorFactory - Found AspectJ method: public void io.appium.java_client.events.DefaultAspect.beforeClickOn(org.aspectj.lang.JoinPoint) throws java.lang.Throwable
20:05:59  DEBUG o.s.a.a.a.ReflectiveAspectJAdvisorFactory - Found AspectJ method: public void io.appium.java_client.events.DefaultAspect.beforeFindBy(org.aspectj.lang.JoinPoint) throws java.lang.Throwable
20:05:59  DEBUG o.s.a.a.a.ReflectiveAspectJAdvisorFactory - Found AspectJ method: public void io.appium.java_client.events.DefaultAspect.beforeMaximization(org.aspectj.lang.JoinPoint) throws java.lang.Throwable
20:05:59  DEBUG o.s.a.a.a.ReflectiveAspectJAdvisorFactory - Found AspectJ method: public void io.appium.java_client.events.DefaultAspect.beforeNavigateBack(org.aspectj.lang.JoinPoint) throws java.lang.Throwable
20:05:59  DEBUG o.s.a.a.a.ReflectiveAspectJAdvisorFactory - Found AspectJ method: public void io.appium.java_client.events.DefaultAspect.beforeNavigateForward(org.aspectj.lang.JoinPoint) throws java.lang.Throwable
20:05:59  DEBUG o.s.a.a.a.ReflectiveAspectJAdvisorFactory - Found AspectJ method: public void io.appium.java_client.events.DefaultAspect.beforeNavigateRefresh(org.aspectj.lang.JoinPoint) throws java.lang.Throwable
20:05:59  DEBUG o.s.a.a.a.ReflectiveAspectJAdvisorFactory - Found AspectJ method: public void io.appium.java_client.events.DefaultAspect.beforeNavigateTo(org.aspectj.lang.JoinPoint) throws java.lang.Throwable
20:05:59  DEBUG o.s.a.a.a.ReflectiveAspectJAdvisorFactory - Found AspectJ method: public void io.appium.java_client.events.DefaultAspect.beforeRotation(org.aspectj.lang.JoinPoint) throws java.lang.Throwable
20:05:59  DEBUG o.s.a.a.a.ReflectiveAspectJAdvisorFactory - Found AspectJ method: public void io.appium.java_client.events.DefaultAspect.beforeScript(org.aspectj.lang.JoinPoint) throws java.lang.Throwable
20:05:59  DEBUG o.s.a.a.a.ReflectiveAspectJAdvisorFactory - Found AspectJ method: public void io.appium.java_client.events.DefaultAspect.beforeSwitchToWindow(org.aspectj.lang.JoinPoint) throws java.lang.Throwable
20:05:59  DEBUG o.s.a.a.a.ReflectiveAspectJAdvisorFactory - Found AspectJ method: public void io.appium.java_client.events.DefaultAspect.beforeSwitchingToContext(org.aspectj.lang.JoinPoint) throws java.lang.Throwable
20:05:59  DEBUG o.s.a.a.a.ReflectiveAspectJAdvisorFactory - Found AspectJ method: public void io.appium.java_client.events.DefaultAspect.beforeTakeScreenShot(org.aspectj.lang.JoinPoint) throws java.lang.Throwable
20:05:59  DEBUG o.s.a.a.a.ReflectiveAspectJAdvisorFactory - Found AspectJ method: public void io.appium.java_client.events.DefaultAspect.beforeWindowIsMoved(org.aspectj.lang.JoinPoint) throws java.lang.Throwable
20:05:59  DEBUG o.s.a.a.a.ReflectiveAspectJAdvisorFactory - Found AspectJ method: public void io.appium.java_client.events.DefaultAspect.beforeWindowIsResized(org.aspectj.lang.JoinPoint) throws java.lang.Throwable
20:05:59  DEBUG o.s.a.a.a.ReflectiveAspectJAdvisorFactory - Found AspectJ method: public void io.appium.java_client.events.DefaultAspect.afterAlertAccept(org.aspectj.lang.JoinPoint) throws java.lang.Throwable
20:05:59  DEBUG o.s.a.a.a.ReflectiveAspectJAdvisorFactory - Found AspectJ method: public void io.appium.java_client.events.DefaultAspect.afterAlertDismiss(org.aspectj.lang.JoinPoint) throws java.lang.Throwable
20:05:59  DEBUG o.s.a.a.a.ReflectiveAspectJAdvisorFactory - Found AspectJ method: public void io.appium.java_client.events.DefaultAspect.afterAlertSendKeys(org.aspectj.lang.JoinPoint) throws java.lang.Throwable
20:05:59  DEBUG o.s.a.a.a.ReflectiveAspectJAdvisorFactory - Found AspectJ method: public void io.appium.java_client.events.DefaultAspect.afterChangeValueOf(org.aspectj.lang.JoinPoint) throws java.lang.Throwable
20:05:59  DEBUG o.s.a.a.a.ReflectiveAspectJAdvisorFactory - Found AspectJ method: public void io.appium.java_client.events.DefaultAspect.afterClickOn(org.aspectj.lang.JoinPoint) throws java.lang.Throwable
20:05:59  DEBUG o.s.a.a.a.ReflectiveAspectJAdvisorFactory - Found AspectJ method: public void io.appium.java_client.events.DefaultAspect.afterFindBy(org.aspectj.lang.JoinPoint) throws java.lang.Throwable
20:05:59  DEBUG o.s.a.a.a.ReflectiveAspectJAdvisorFactory - Found AspectJ method: public void io.appium.java_client.events.DefaultAspect.afterMaximization(org.aspectj.lang.JoinPoint) throws java.lang.Throwable
20:05:59  DEBUG o.s.a.a.a.ReflectiveAspectJAdvisorFactory - Found AspectJ method: public void io.appium.java_client.events.DefaultAspect.afterNavigateBack(org.aspectj.lang.JoinPoint) throws java.lang.Throwable
20:05:59  DEBUG o.s.a.a.a.ReflectiveAspectJAdvisorFactory - Found AspectJ method: public void io.appium.java_client.events.DefaultAspect.afterNavigateForward(org.aspectj.lang.JoinPoint) throws java.lang.Throwable
20:05:59  DEBUG o.s.a.a.a.ReflectiveAspectJAdvisorFactory - Found AspectJ method: public void io.appium.java_client.events.DefaultAspect.afterNavigateRefresh(org.aspectj.lang.JoinPoint) throws java.lang.Throwable
20:05:59  DEBUG o.s.a.a.a.ReflectiveAspectJAdvisorFactory - Found AspectJ method: public void io.appium.java_client.events.DefaultAspect.afterNavigateTo(org.aspectj.lang.JoinPoint) throws java.lang.Throwable
20:05:59  DEBUG o.s.a.a.a.ReflectiveAspectJAdvisorFactory - Found AspectJ method: public void io.appium.java_client.events.DefaultAspect.afterRotation(org.aspectj.lang.JoinPoint) throws java.lang.Throwable
20:05:59  DEBUG o.s.a.a.a.ReflectiveAspectJAdvisorFactory - Found AspectJ method: public void io.appium.java_client.events.DefaultAspect.afterScript(org.aspectj.lang.JoinPoint) throws java.lang.Throwable
20:05:59  DEBUG o.s.a.a.a.ReflectiveAspectJAdvisorFactory - Found AspectJ method: public void io.appium.java_client.events.DefaultAspect.afterSwitchToWindow(org.aspectj.lang.JoinPoint) throws java.lang.Throwable
20:05:59  DEBUG o.s.a.a.a.ReflectiveAspectJAdvisorFactory - Found AspectJ method: public void io.appium.java_client.events.DefaultAspect.afterSwitchingToContextn(org.aspectj.lang.JoinPoint) throws java.lang.Throwable
20:05:59  DEBUG o.s.a.a.a.ReflectiveAspectJAdvisorFactory - Found AspectJ method: public void io.appium.java_client.events.DefaultAspect.afterWindowIsMoved(org.aspectj.lang.JoinPoint) throws java.lang.Throwable
20:05:59  DEBUG o.s.a.a.a.ReflectiveAspectJAdvisorFactory - Found AspectJ method: public void io.appium.java_client.events.DefaultAspect.afterWindowIsResized(org.aspectj.lang.JoinPoint) throws java.lang.Throwable
20:05:59  DEBUG o.s.a.a.a.ReflectiveAspectJAdvisorFactory - Found AspectJ method: public void io.appium.java_client.events.DefaultAspect.afterTakeScreenShot(org.aspectj.lang.JoinPoint,java.lang.Object) throws java.lang.Throwable
20:05:59  DEBUG o.s.a.a.a.ReflectiveAspectJAdvisorFactory - Found AspectJ method: public java.lang.Object io.appium.java_client.events.DefaultAspect.doAround(org.aspectj.lang.ProceedingJoinPoint) throws java.lang.Throwable
20:05:59  DEBUG o.s.a.a.a.ReflectiveAspectJAdvisorFactory - Found AspectJ method: public void io.appium.java_client.events.DefaultAspect.beforeAlertAccept(org.aspectj.lang.JoinPoint) throws java.lang.Throwable
20:05:59  DEBUG o.s.a.a.a.ReflectiveAspectJAdvisorFactory - Found AspectJ method: public void io.appium.java_client.events.DefaultAspect.beforeAlertDismiss(org.aspectj.lang.JoinPoint) throws java.lang.Throwable
20:05:59  DEBUG o.s.a.a.a.ReflectiveAspectJAdvisorFactory - Found AspectJ method: public void io.appium.java_client.events.DefaultAspect.beforeAlertSendKeys(org.aspectj.lang.JoinPoint) throws java.lang.Throwable
20:05:59  DEBUG o.s.a.a.a.ReflectiveAspectJAdvisorFactory - Found AspectJ method: public void io.appium.java_client.events.DefaultAspect.beforeChangeValueOf(org.aspectj.lang.JoinPoint) throws java.lang.Throwable
20:05:59  DEBUG o.s.a.a.a.ReflectiveAspectJAdvisorFactory - Found AspectJ method: public void io.appium.java_client.events.DefaultAspect.beforeClickOn(org.aspectj.lang.JoinPoint) throws java.lang.Throwable
20:05:59  DEBUG o.s.a.a.a.ReflectiveAspectJAdvisorFactory - Found AspectJ method: public void io.appium.java_client.events.DefaultAspect.beforeFindBy(org.aspectj.lang.JoinPoint) throws java.lang.Throwable
20:05:59  DEBUG o.s.a.a.a.ReflectiveAspectJAdvisorFactory - Found AspectJ method: public void io.appium.java_client.events.DefaultAspect.beforeMaximization(org.aspectj.lang.JoinPoint) throws java.lang.Throwable
20:05:59  DEBUG o.s.a.a.a.ReflectiveAspectJAdvisorFactory - Found AspectJ method: public void io.appium.java_client.events.DefaultAspect.beforeNavigateBack(org.aspectj.lang.JoinPoint) throws java.lang.Throwable
20:05:59  DEBUG o.s.a.a.a.ReflectiveAspectJAdvisorFactory - Found AspectJ method: public void io.appium.java_client.events.DefaultAspect.beforeNavigateForward(org.aspectj.lang.JoinPoint) throws java.lang.Throwable
20:05:59  DEBUG o.s.a.a.a.ReflectiveAspectJAdvisorFactory - Found AspectJ method: public void io.appium.java_client.events.DefaultAspect.beforeNavigateRefresh(org.aspectj.lang.JoinPoint) throws java.lang.Throwable
20:05:59  DEBUG o.s.a.a.a.ReflectiveAspectJAdvisorFactory - Found AspectJ method: public void io.appium.java_client.events.DefaultAspect.beforeNavigateTo(org.aspectj.lang.JoinPoint) throws java.lang.Throwable
20:05:59  DEBUG o.s.a.a.a.ReflectiveAspectJAdvisorFactory - Found AspectJ method: public void io.appium.java_client.events.DefaultAspect.beforeRotation(org.aspectj.lang.JoinPoint) throws java.lang.Throwable
20:05:59  DEBUG o.s.a.a.a.ReflectiveAspectJAdvisorFactory - Found AspectJ method: public void io.appium.java_client.events.DefaultAspect.beforeScript(org.aspectj.lang.JoinPoint) throws java.lang.Throwable
20:05:59  DEBUG o.s.a.a.a.ReflectiveAspectJAdvisorFactory - Found AspectJ method: public void io.appium.java_client.events.DefaultAspect.beforeSwitchToWindow(org.aspectj.lang.JoinPoint) throws java.lang.Throwable
20:05:59  DEBUG o.s.a.a.a.ReflectiveAspectJAdvisorFactory - Found AspectJ method: public void io.appium.java_client.events.DefaultAspect.beforeSwitchingToContext(org.aspectj.lang.JoinPoint) throws java.lang.Throwable
20:05:59  DEBUG o.s.a.a.a.ReflectiveAspectJAdvisorFactory - Found AspectJ method: public void io.appium.java_client.events.DefaultAspect.beforeTakeScreenShot(org.aspectj.lang.JoinPoint) throws java.lang.Throwable
20:05:59  DEBUG o.s.a.a.a.ReflectiveAspectJAdvisorFactory - Found AspectJ method: public void io.appium.java_client.events.DefaultAspect.beforeWindowIsMoved(org.aspectj.lang.JoinPoint) throws java.lang.Throwable
20:05:59  DEBUG o.s.a.a.a.ReflectiveAspectJAdvisorFactory - Found AspectJ method: public void io.appium.java_client.events.DefaultAspect.beforeWindowIsResized(org.aspectj.lang.JoinPoint) throws java.lang.Throwable
20:05:59  DEBUG o.s.a.a.a.ReflectiveAspectJAdvisorFactory - Found AspectJ method: public void io.appium.java_client.events.DefaultAspect.afterAlertAccept(org.aspectj.lang.JoinPoint) throws java.lang.Throwable
20:05:59  DEBUG o.s.a.a.a.ReflectiveAspectJAdvisorFactory - Found AspectJ method: public void io.appium.java_client.events.DefaultAspect.afterAlertDismiss(org.aspectj.lang.JoinPoint) throws java.lang.Throwable
20:05:59  DEBUG o.s.a.a.a.ReflectiveAspectJAdvisorFactory - Found AspectJ method: public void io.appium.java_client.events.DefaultAspect.afterAlertSendKeys(org.aspectj.lang.JoinPoint) throws java.lang.Throwable
20:05:59  DEBUG o.s.a.a.a.ReflectiveAspectJAdvisorFactory - Found AspectJ method: public void io.appium.java_client.events.DefaultAspect.afterChangeValueOf(org.aspectj.lang.JoinPoint) throws java.lang.Throwable
20:05:59  DEBUG o.s.a.a.a.ReflectiveAspectJAdvisorFactory - Found AspectJ method: public void io.appium.java_client.events.DefaultAspect.afterClickOn(org.aspectj.lang.JoinPoint) throws java.lang.Throwable
20:05:59  DEBUG o.s.a.a.a.ReflectiveAspectJAdvisorFactory - Found AspectJ method: public void io.appium.java_client.events.DefaultAspect.afterFindBy(org.aspectj.lang.JoinPoint) throws java.lang.Throwable
20:05:59  DEBUG o.s.a.a.a.ReflectiveAspectJAdvisorFactory - Found AspectJ method: public void io.appium.java_client.events.DefaultAspect.afterMaximization(org.aspectj.lang.JoinPoint) throws java.lang.Throwable
20:05:59  DEBUG o.s.a.a.a.ReflectiveAspectJAdvisorFactory - Found AspectJ method: public void io.appium.java_client.events.DefaultAspect.afterNavigateBack(org.aspectj.lang.JoinPoint) throws java.lang.Throwable
20:05:59  DEBUG o.s.a.a.a.ReflectiveAspectJAdvisorFactory - Found AspectJ method: public void io.appium.java_client.events.DefaultAspect.afterNavigateForward(org.aspectj.lang.JoinPoint) throws java.lang.Throwable
20:05:59  DEBUG o.s.a.a.a.ReflectiveAspectJAdvisorFactory - Found AspectJ method: public void io.appium.java_client.events.DefaultAspect.afterNavigateRefresh(org.aspectj.lang.JoinPoint) throws java.lang.Throwable
20:05:59  DEBUG o.s.a.a.a.ReflectiveAspectJAdvisorFactory - Found AspectJ method: public void io.appium.java_client.events.DefaultAspect.afterNavigateTo(org.aspectj.lang.JoinPoint) throws java.lang.Throwable
20:05:59  DEBUG o.s.a.a.a.ReflectiveAspectJAdvisorFactory - Found AspectJ method: public void io.appium.java_client.events.DefaultAspect.afterRotation(org.aspectj.lang.JoinPoint) throws java.lang.Throwable
20:05:59  DEBUG o.s.a.a.a.ReflectiveAspectJAdvisorFactory - Found AspectJ method: public void io.appium.java_client.events.DefaultAspect.afterScript(org.aspectj.lang.JoinPoint) throws java.lang.Throwable
20:05:59  DEBUG o.s.a.a.a.ReflectiveAspectJAdvisorFactory - Found AspectJ method: public void io.appium.java_client.events.DefaultAspect.afterSwitchToWindow(org.aspectj.lang.JoinPoint) throws java.lang.Throwable
20:05:59  DEBUG o.s.a.a.a.ReflectiveAspectJAdvisorFactory - Found AspectJ method: public void io.appium.java_client.events.DefaultAspect.afterSwitchingToContextn(org.aspectj.lang.JoinPoint) throws java.lang.Throwable
20:05:59  DEBUG o.s.a.a.a.ReflectiveAspectJAdvisorFactory - Found AspectJ method: public void io.appium.java_client.events.DefaultAspect.afterWindowIsMoved(org.aspectj.lang.JoinPoint) throws java.lang.Throwable
20:05:59  DEBUG o.s.a.a.a.ReflectiveAspectJAdvisorFactory - Found AspectJ method: public void io.appium.java_client.events.DefaultAspect.afterWindowIsResized(org.aspectj.lang.JoinPoint) throws java.lang.Throwable
20:05:59  DEBUG o.s.a.a.a.ReflectiveAspectJAdvisorFactory - Found AspectJ method: public void io.appium.java_client.events.DefaultAspect.afterTakeScreenShot(org.aspectj.lang.JoinPoint,java.lang.Object) throws java.lang.Throwable
20:05:59  INFO  configWiki.AppiumListener - Start find element---By.xpath: /*[@resource-id= 'org.wikipedia:id/explore_overflow_account_container']
20:06:00  INFO  configWiki.AppiumListener - The element was found---By.xpath: /*[@resource-id= 'org.wikipedia:id/explore_overflow_account_container']
20:06:00  INFO  configWiki.AppiumListener - You have a problem with----An element could not be located on the page using the given search parameters.
For documentation on this error, please visit: https://www.seleniumhq.org/exceptions/no_such_element.html
Build info: version: '3.141.59', revision: 'e82be7d358', time: '2018-11-14T08:17:03'
System info: host: 'LAPTOP-BETKQUU3', ip: '172.18.106.96', os.name: 'Windows 10', os.arch: 'amd64', os.version: '10.0', java.version: '1.8.0_301'
Driver info: io.appium.java_client.AppiumDriver
Capabilities {app: C:/Users/julia/Documents/QA..., appActivities: .main.MainActivity, appPackage: org.wikipedia, automationName: Appium, databaseEnabled: false, desired: {app: C:/Users/julia/Documents/QA..., appActivities: .main.MainActivity, appPackage: org.wikipedia, automationName: Appium, deviceName: qa_new, platformName: android, platformVersion: 8.1}, deviceApiLevel: 27, deviceManufacturer: Google, deviceModel: Android SDK built for x86, deviceName: emulator-5554, deviceScreenDensity: 480, deviceScreenSize: 1080x1920, deviceUDID: emulator-5554, javascriptEnabled: true, locationContextEnabled: false, networkConnectionEnabled: true, pixelRatio: 3, platform: LINUX, platformName: Android, platformVersion: 8.1.0, statBarHeight: 72, takesScreenshot: true, viewportRect: {height: 1704, left: 0, top: 72, width: 1080}, warnings: {}, webStorageEnabled: false}
Session ID: 890c8c98-91cc-439b-b4da-9a9eec4b5eaf
*** Element info: {Using=xpath, value=/*[@resource-id= 'org.wikipedia:id/explore_overflow_account_container']}[Ljava.lang.StackTraceElement;@1618504f
20:06:01  INFO  configWiki.AppiumListener - Screen with error---C:\Users\julia\Documents\QA\QA_Automation\QA\Qa30_Wiki\src\test\resources\ScreenshotsNew361.png
20:06:02  INFO  configWiki.AppiumListener - Start find element---By.xpath: /*[@resource-id= 'org.wikipedia:id/explore_overflow_account_container']
20:06:02  INFO  configWiki.AppiumListener - The element was found---By.xpath: /*[@resource-id= 'org.wikipedia:id/explore_overflow_account_container']
20:06:02  INFO  configWiki.AppiumListener - You have a problem with----An element could not be located on the page using the given search parameters.
For documentation on this error, please visit: https://www.seleniumhq.org/exceptions/no_such_element.html
Build info: version: '3.141.59', revision: 'e82be7d358', time: '2018-11-14T08:17:03'
System info: host: 'LAPTOP-BETKQUU3', ip: '172.18.106.96', os.name: 'Windows 10', os.arch: 'amd64', os.version: '10.0', java.version: '1.8.0_301'
Driver info: io.appium.java_client.AppiumDriver
Capabilities {app: C:/Users/julia/Documents/QA..., appActivities: .main.MainActivity, appPackage: org.wikipedia, automationName: Appium, databaseEnabled: false, desired: {app: C:/Users/julia/Documents/QA..., appActivities: .main.MainActivity, appPackage: org.wikipedia, automationName: Appium, deviceName: qa_new, platformName: android, platformVersion: 8.1}, deviceApiLevel: 27, deviceManufacturer: Google, deviceModel: Android SDK built for x86, deviceName: emulator-5554, deviceScreenDensity: 480, deviceScreenSize: 1080x1920, deviceUDID: emulator-5554, javascriptEnabled: true, locationContextEnabled: false, networkConnectionEnabled: true, pixelRatio: 3, platform: LINUX, platformName: Android, platformVersion: 8.1.0, statBarHeight: 72, takesScreenshot: true, viewportRect: {height: 1704, left: 0, top: 72, width: 1080}, warnings: {}, webStorageEnabled: false}
Session ID: 890c8c98-91cc-439b-b4da-9a9eec4b5eaf
*** Element info: {Using=xpath, value=/*[@resource-id= 'org.wikipedia:id/explore_overflow_account_container']}[Ljava.lang.StackTraceElement;@323ca24d
20:06:02  INFO  configWiki.AppiumListener - Screen with error---C:\Users\julia\Documents\QA\QA_Automation\QA\Qa30_Wiki\src\test\resources\ScreenshotsNew362.png
20:06:03  INFO  configWiki.AppiumListener - Start find element---By.xpath: /*[@resource-id= 'org.wikipedia:id/explore_overflow_account_container']
20:06:03  INFO  configWiki.AppiumListener - The element was found---By.xpath: /*[@resource-id= 'org.wikipedia:id/explore_overflow_account_container']
20:06:03  INFO  configWiki.AppiumListener - You have a problem with----An element could not be located on the page using the given search parameters.
For documentation on this error, please visit: https://www.seleniumhq.org/exceptions/no_such_element.html
Build info: version: '3.141.59', revision: 'e82be7d358', time: '2018-11-14T08:17:03'
System info: host: 'LAPTOP-BETKQUU3', ip: '172.18.106.96', os.name: 'Windows 10', os.arch: 'amd64', os.version: '10.0', java.version: '1.8.0_301'
Driver info: io.appium.java_client.AppiumDriver
Capabilities {app: C:/Users/julia/Documents/QA..., appActivities: .main.MainActivity, appPackage: org.wikipedia, automationName: Appium, databaseEnabled: false, desired: {app: C:/Users/julia/Documents/QA..., appActivities: .main.MainActivity, appPackage: org.wikipedia, automationName: Appium, deviceName: qa_new, platformName: android, platformVersion: 8.1}, deviceApiLevel: 27, deviceManufacturer: Google, deviceModel: Android SDK built for x86, deviceName: emulator-5554, deviceScreenDensity: 480, deviceScreenSize: 1080x1920, deviceUDID: emulator-5554, javascriptEnabled: true, locationContextEnabled: false, networkConnectionEnabled: true, pixelRatio: 3, platform: LINUX, platformName: Android, platformVersion: 8.1.0, statBarHeight: 72, takesScreenshot: true, viewportRect: {height: 1704, left: 0, top: 72, width: 1080}, warnings: {}, webStorageEnabled: false}
Session ID: 890c8c98-91cc-439b-b4da-9a9eec4b5eaf
*** Element info: {Using=xpath, value=/*[@resource-id= 'org.wikipedia:id/explore_overflow_account_container']}[Ljava.lang.StackTraceElement;@50db9ba3
20:06:04  INFO  configWiki.AppiumListener - Screen with error---C:\Users\julia\Documents\QA\QA_Automation\QA\Qa30_Wiki\src\test\resources\ScreenshotsNew364.png
20:06:04  INFO  configWiki.AppiumListener - Start find element---By.xpath: /*[@resource-id= 'org.wikipedia:id/explore_overflow_account_container']
20:06:04  INFO  configWiki.AppiumListener - The element was found---By.xpath: /*[@resource-id= 'org.wikipedia:id/explore_overflow_account_container']
20:06:04  INFO  configWiki.AppiumListener - You have a problem with----An element could not be located on the page using the given search parameters.
For documentation on this error, please visit: https://www.seleniumhq.org/exceptions/no_such_element.html
Build info: version: '3.141.59', revision: 'e82be7d358', time: '2018-11-14T08:17:03'
System info: host: 'LAPTOP-BETKQUU3', ip: '172.18.106.96', os.name: 'Windows 10', os.arch: 'amd64', os.version: '10.0', java.version: '1.8.0_301'
Driver info: io.appium.java_client.AppiumDriver
Capabilities {app: C:/Users/julia/Documents/QA..., appActivities: .main.MainActivity, appPackage: org.wikipedia, automationName: Appium, databaseEnabled: false, desired: {app: C:/Users/julia/Documents/QA..., appActivities: .main.MainActivity, appPackage: org.wikipedia, automationName: Appium, deviceName: qa_new, platformName: android, platformVersion: 8.1}, deviceApiLevel: 27, deviceManufacturer: Google, deviceModel: Android SDK built for x86, deviceName: emulator-5554, deviceScreenDensity: 480, deviceScreenSize: 1080x1920, deviceUDID: emulator-5554, javascriptEnabled: true, locationContextEnabled: false, networkConnectionEnabled: true, pixelRatio: 3, platform: LINUX, platformName: Android, platformVersion: 8.1.0, statBarHeight: 72, takesScreenshot: true, viewportRect: {height: 1704, left: 0, top: 72, width: 1080}, warnings: {}, webStorageEnabled: false}
Session ID: 890c8c98-91cc-439b-b4da-9a9eec4b5eaf
*** Element info: {Using=xpath, value=/*[@resource-id= 'org.wikipedia:id/explore_overflow_account_container']}[Ljava.lang.StackTraceElement;@25bb7ccd
20:06:05  INFO  configWiki.AppiumListener - Screen with error---C:\Users\julia\Documents\QA\QA_Automation\QA\Qa30_Wiki\src\test\resources\ScreenshotsNew365.png
20:06:05  INFO  configWiki.AppiumListener - Start find element---By.xpath: /*[@resource-id= 'org.wikipedia:id/explore_overflow_account_container']
20:06:05  INFO  configWiki.AppiumListener - The element was found---By.xpath: /*[@resource-id= 'org.wikipedia:id/explore_overflow_account_container']
20:06:05  INFO  configWiki.AppiumListener - You have a problem with----An element could not be located on the page using the given search parameters.
For documentation on this error, please visit: https://www.seleniumhq.org/exceptions/no_such_element.html
Build info: version: '3.141.59', revision: 'e82be7d358', time: '2018-11-14T08:17:03'
System info: host: 'LAPTOP-BETKQUU3', ip: '172.18.106.96', os.name: 'Windows 10', os.arch: 'amd64', os.version: '10.0', java.version: '1.8.0_301'
Driver info: io.appium.java_client.AppiumDriver
Capabilities {app: C:/Users/julia/Documents/QA..., appActivities: .main.MainActivity, appPackage: org.wikipedia, automationName: Appium, databaseEnabled: false, desired: {app: C:/Users/julia/Documents/QA..., appActivities: .main.MainActivity, appPackage: org.wikipedia, automationName: Appium, deviceName: qa_new, platformName: android, platformVersion: 8.1}, deviceApiLevel: 27, deviceManufacturer: Google, deviceModel: Android SDK built for x86, deviceName: emulator-5554, deviceScreenDensity: 480, deviceScreenSize: 1080x1920, deviceUDID: emulator-5554, javascriptEnabled: true, locationContextEnabled: false, networkConnectionEnabled: true, pixelRatio: 3, platform: LINUX, platformName: Android, platformVersion: 8.1.0, statBarHeight: 72, takesScreenshot: true, viewportRect: {height: 1704, left: 0, top: 72, width: 1080}, warnings: {}, webStorageEnabled: false}
Session ID: 890c8c98-91cc-439b-b4da-9a9eec4b5eaf
*** Element info: {Using=xpath, value=/*[@resource-id= 'org.wikipedia:id/explore_overflow_account_container']}[Ljava.lang.StackTraceElement;@1a0ea61f
20:06:06  INFO  configWiki.AppiumListener - Screen with error---C:\Users\julia\Documents\QA\QA_Automation\QA\Qa30_Wiki\src\test\resources\ScreenshotsNew366.png
20:06:07  INFO  configWiki.AppiumListener - Start find element---By.xpath: /*[@resource-id= 'org.wikipedia:id/explore_overflow_account_container']
20:06:07  INFO  configWiki.AppiumListener - The element was found---By.xpath: /*[@resource-id= 'org.wikipedia:id/explore_overflow_account_container']
20:06:07  INFO  configWiki.AppiumListener - You have a problem with----An element could not be located on the page using the given search parameters.
For documentation on this error, please visit: https://www.seleniumhq.org/exceptions/no_such_element.html
Build info: version: '3.141.59', revision: 'e82be7d358', time: '2018-11-14T08:17:03'
System info: host: 'LAPTOP-BETKQUU3', ip: '172.18.106.96', os.name: 'Windows 10', os.arch: 'amd64', os.version: '10.0', java.version: '1.8.0_301'
Driver info: io.appium.java_client.AppiumDriver
Capabilities {app: C:/Users/julia/Documents/QA..., appActivities: .main.MainActivity, appPackage: org.wikipedia, automationName: Appium, databaseEnabled: false, desired: {app: C:/Users/julia/Documents/QA..., appActivities: .main.MainActivity, appPackage: org.wikipedia, automationName: Appium, deviceName: qa_new, platformName: android, platformVersion: 8.1}, deviceApiLevel: 27, deviceManufacturer: Google, deviceModel: Android SDK built for x86, deviceName: emulator-5554, deviceScreenDensity: 480, deviceScreenSize: 1080x1920, deviceUDID: emulator-5554, javascriptEnabled: true, locationContextEnabled: false, networkConnectionEnabled: true, pixelRatio: 3, platform: LINUX, platformName: Android, platformVersion: 8.1.0, statBarHeight: 72, takesScreenshot: true, viewportRect: {height: 1704, left: 0, top: 72, width: 1080}, warnings: {}, webStorageEnabled: false}
Session ID: 890c8c98-91cc-439b-b4da-9a9eec4b5eaf
*** Element info: {Using=xpath, value=/*[@resource-id= 'org.wikipedia:id/explore_overflow_account_container']}[Ljava.lang.StackTraceElement;@6c1c9246
20:06:07  INFO  configWiki.AppiumListener - Screen with error---C:\Users\julia\Documents\QA\QA_Automation\QA\Qa30_Wiki\src\test\resources\ScreenshotsNew367.png
20:06:08  INFO  configWiki.AppiumListener - Start find element---By.xpath: /*[@resource-id= 'org.wikipedia:id/explore_overflow_account_container']
20:06:08  INFO  configWiki.AppiumListener - The element was found---By.xpath: /*[@resource-id= 'org.wikipedia:id/explore_overflow_account_container']
20:06:08  INFO  configWiki.AppiumListener - You have a problem with----An element could not be located on the page using the given search parameters.
For documentation on this error, please visit: https://www.seleniumhq.org/exceptions/no_such_element.html
Build info: version: '3.141.59', revision: 'e82be7d358', time: '2018-11-14T08:17:03'
System info: host: 'LAPTOP-BETKQUU3', ip: '172.18.106.96', os.name: 'Windows 10', os.arch: 'amd64', os.version: '10.0', java.version: '1.8.0_301'
Driver info: io.appium.java_client.AppiumDriver
Capabilities {app: C:/Users/julia/Documents/QA..., appActivities: .main.MainActivity, appPackage: org.wikipedia, automationName: Appium, databaseEnabled: false, desired: {app: C:/Users/julia/Documents/QA..., appActivities: .main.MainActivity, appPackage: org.wikipedia, automationName: Appium, deviceName: qa_new, platformName: android, platformVersion: 8.1}, deviceApiLevel: 27, deviceManufacturer: Google, deviceModel: Android SDK built for x86, deviceName: emulator-5554, deviceScreenDensity: 480, deviceScreenSize: 1080x1920, deviceUDID: emulator-5554, javascriptEnabled: true, locationContextEnabled: false, networkConnectionEnabled: true, pixelRatio: 3, platform: LINUX, platformName: Android, platformVersion: 8.1.0, statBarHeight: 72, takesScreenshot: true, viewportRect: {height: 1704, left: 0, top: 72, width: 1080}, warnings: {}, webStorageEnabled: false}
Session ID: 890c8c98-91cc-439b-b4da-9a9eec4b5eaf
*** Element info: {Using=xpath, value=/*[@resource-id= 'org.wikipedia:id/explore_overflow_account_container']}[Ljava.lang.StackTraceElement;@4961266c
20:06:08  INFO  configWiki.AppiumListener - Screen with error---C:\Users\julia\Documents\QA\QA_Automation\QA\Qa30_Wiki\src\test\resources\ScreenshotsNew368.png
20:06:09  INFO  configWiki.AppiumListener - Start find element---By.xpath: /*[@resource-id= 'org.wikipedia:id/explore_overflow_account_container']
20:06:09  INFO  configWiki.AppiumListener - The element was found---By.xpath: /*[@resource-id= 'org.wikipedia:id/explore_overflow_account_container']
20:06:09  INFO  configWiki.AppiumListener - You have a problem with----An element could not be located on the page using the given search parameters.
For documentation on this error, please visit: https://www.seleniumhq.org/exceptions/no_such_element.html
Build info: version: '3.141.59', revision: 'e82be7d358', time: '2018-11-14T08:17:03'
System info: host: 'LAPTOP-BETKQUU3', ip: '172.18.106.96', os.name: 'Windows 10', os.arch: 'amd64', os.version: '10.0', java.version: '1.8.0_301'
Driver info: io.appium.java_client.AppiumDriver
Capabilities {app: C:/Users/julia/Documents/QA..., appActivities: .main.MainActivity, appPackage: org.wikipedia, automationName: Appium, databaseEnabled: false, desired: {app: C:/Users/julia/Documents/QA..., appActivities: .main.MainActivity, appPackage: org.wikipedia, automationName: Appium, deviceName: qa_new, platformName: android, platformVersion: 8.1}, deviceApiLevel: 27, deviceManufacturer: Google, deviceModel: Android SDK built for x86, deviceName: emulator-5554, deviceScreenDensity: 480, deviceScreenSize: 1080x1920, deviceUDID: emulator-5554, javascriptEnabled: true, locationContextEnabled: false, networkConnectionEnabled: true, pixelRatio: 3, platform: LINUX, platformName: Android, platformVersion: 8.1.0, statBarHeight: 72, takesScreenshot: true, viewportRect: {height: 1704, left: 0, top: 72, width: 1080}, warnings: {}, webStorageEnabled: false}
Session ID: 890c8c98-91cc-439b-b4da-9a9eec4b5eaf
*** Element info: {Using=xpath, value=/*[@resource-id= 'org.wikipedia:id/explore_overflow_account_container']}[Ljava.lang.StackTraceElement;@610ced30
20:06:10  INFO  configWiki.AppiumListener - Screen with error---C:\Users\julia\Documents\QA\QA_Automation\QA\Qa30_Wiki\src\test\resources\ScreenshotsNew370.png
20:06:10  INFO  configWiki.AppiumListener - Start find element---By.xpath: /*[@resource-id= 'org.wikipedia:id/explore_overflow_account_container']
20:06:10  INFO  configWiki.AppiumListener - The element was found---By.xpath: /*[@resource-id= 'org.wikipedia:id/explore_overflow_account_container']
20:06:10  INFO  configWiki.AppiumListener - You have a problem with----An element could not be located on the page using the given search parameters.
For documentation on this error, please visit: https://www.seleniumhq.org/exceptions/no_such_element.html
Build info: version: '3.141.59', revision: 'e82be7d358', time: '2018-11-14T08:17:03'
System info: host: 'LAPTOP-BETKQUU3', ip: '172.18.106.96', os.name: 'Windows 10', os.arch: 'amd64', os.version: '10.0', java.version: '1.8.0_301'
Driver info: io.appium.java_client.AppiumDriver
Capabilities {app: C:/Users/julia/Documents/QA..., appActivities: .main.MainActivity, appPackage: org.wikipedia, automationName: Appium, databaseEnabled: false, desired: {app: C:/Users/julia/Documents/QA..., appActivities: .main.MainActivity, appPackage: org.wikipedia, automationName: Appium, deviceName: qa_new, platformName: android, platformVersion: 8.1}, deviceApiLevel: 27, deviceManufacturer: Google, deviceModel: Android SDK built for x86, deviceName: emulator-5554, deviceScreenDensity: 480, deviceScreenSize: 1080x1920, deviceUDID: emulator-5554, javascriptEnabled: true, locationContextEnabled: false, networkConnectionEnabled: true, pixelRatio: 3, platform: LINUX, platformName: Android, platformVersion: 8.1.0, statBarHeight: 72, takesScreenshot: true, viewportRect: {height: 1704, left: 0, top: 72, width: 1080}, warnings: {}, webStorageEnabled: false}
Session ID: 890c8c98-91cc-439b-b4da-9a9eec4b5eaf
*** Element info: {Using=xpath, value=/*[@resource-id= 'org.wikipedia:id/explore_overflow_account_container']}[Ljava.lang.StackTraceElement;@4dcd909e
20:06:11  INFO  configWiki.AppiumListener - Screen with error---C:\Users\julia\Documents\QA\QA_Automation\QA\Qa30_Wiki\src\test\resources\ScreenshotsNew371.png
20:06:11  INFO  configWiki.AppiumListener - Start find element---By.xpath: /*[@resource-id= 'org.wikipedia:id/explore_overflow_account_container']
20:06:11  INFO  configWiki.AppiumListener - The element was found---By.xpath: /*[@resource-id= 'org.wikipedia:id/explore_overflow_account_container']
20:06:11  INFO  configWiki.AppiumListener - You have a problem with----An element could not be located on the page using the given search parameters.
For documentation on this error, please visit: https://www.seleniumhq.org/exceptions/no_such_element.html
Build info: version: '3.141.59', revision: 'e82be7d358', time: '2018-11-14T08:17:03'
System info: host: 'LAPTOP-BETKQUU3', ip: '172.18.106.96', os.name: 'Windows 10', os.arch: 'amd64', os.version: '10.0', java.version: '1.8.0_301'
Driver info: io.appium.java_client.AppiumDriver
Capabilities {app: C:/Users/julia/Documents/QA..., appActivities: .main.MainActivity, appPackage: org.wikipedia, automationName: Appium, databaseEnabled: false, desired: {app: C:/Users/julia/Documents/QA..., appActivities: .main.MainActivity, appPackage: org.wikipedia, automationName: Appium, deviceName: qa_new, platformName: android, platformVersion: 8.1}, deviceApiLevel: 27, deviceManufacturer: Google, deviceModel: Android SDK built for x86, deviceName: emulator-5554, deviceScreenDensity: 480, deviceScreenSize: 1080x1920, deviceUDID: emulator-5554, javascriptEnabled: true, locationContextEnabled: false, networkConnectionEnabled: true, pixelRatio: 3, platform: LINUX, platformName: Android, platformVersion: 8.1.0, statBarHeight: 72, takesScreenshot: true, viewportRect: {height: 1704, left: 0, top: 72, width: 1080}, warnings: {}, webStorageEnabled: false}
Session ID: 890c8c98-91cc-439b-b4da-9a9eec4b5eaf
*** Element info: {Using=xpath, value=/*[@resource-id= 'org.wikipedia:id/explore_overflow_account_container']}[Ljava.lang.StackTraceElement;@485261b1
20:06:12  INFO  configWiki.AppiumListener - Screen with error---C:\Users\julia\Documents\QA\QA_Automation\QA\Qa30_Wiki\src\test\resources\ScreenshotsNew372.png
20:06:12  INFO  configWiki.AppiumListener - Start find element---By.xpath: /*[@resource-id= 'org.wikipedia:id/explore_overflow_account_container']
20:06:13  INFO  configWiki.AppiumListener - The element was found---By.xpath: /*[@resource-id= 'org.wikipedia:id/explore_overflow_account_container']
20:06:13  INFO  configWiki.AppiumListener - You have a problem with----An element could not be located on the page using the given search parameters.
For documentation on this error, please visit: https://www.seleniumhq.org/exceptions/no_such_element.html
Build info: version: '3.141.59', revision: 'e82be7d358', time: '2018-11-14T08:17:03'
System info: host: 'LAPTOP-BETKQUU3', ip: '172.18.106.96', os.name: 'Windows 10', os.arch: 'amd64', os.version: '10.0', java.version: '1.8.0_301'
Driver info: io.appium.java_client.AppiumDriver
Capabilities {app: C:/Users/julia/Documents/QA..., appActivities: .main.MainActivity, appPackage: org.wikipedia, automationName: Appium, databaseEnabled: false, desired: {app: C:/Users/julia/Documents/QA..., appActivities: .main.MainActivity, appPackage: org.wikipedia, automationName: Appium, deviceName: qa_new, platformName: android, platformVersion: 8.1}, deviceApiLevel: 27, deviceManufacturer: Google, deviceModel: Android SDK built for x86, deviceName: emulator-5554, deviceScreenDensity: 480, deviceScreenSize: 1080x1920, deviceUDID: emulator-5554, javascriptEnabled: true, locationContextEnabled: false, networkConnectionEnabled: true, pixelRatio: 3, platform: LINUX, platformName: Android, platformVersion: 8.1.0, statBarHeight: 72, takesScreenshot: true, viewportRect: {height: 1704, left: 0, top: 72, width: 1080}, warnings: {}, webStorageEnabled: false}
Session ID: 890c8c98-91cc-439b-b4da-9a9eec4b5eaf
*** Element info: {Using=xpath, value=/*[@resource-id= 'org.wikipedia:id/explore_overflow_account_container']}[Ljava.lang.StackTraceElement;@195f4956
20:06:13  INFO  configWiki.AppiumListener - Screen with error---C:\Users\julia\Documents\QA\QA_Automation\QA\Qa30_Wiki\src\test\resources\ScreenshotsNew373.png
20:06:14  INFO  configWiki.AppiumListener - Start find element---By.xpath: /*[@resource-id= 'org.wikipedia:id/explore_overflow_account_container']
20:06:14  INFO  configWiki.AppiumListener - The element was found---By.xpath: /*[@resource-id= 'org.wikipedia:id/explore_overflow_account_container']
20:06:14  INFO  configWiki.AppiumListener - You have a problem with----An element could not be located on the page using the given search parameters.
For documentation on this error, please visit: https://www.seleniumhq.org/exceptions/no_such_element.html
Build info: version: '3.141.59', revision: 'e82be7d358', time: '2018-11-14T08:17:03'
System info: host: 'LAPTOP-BETKQUU3', ip: '172.18.106.96', os.name: 'Windows 10', os.arch: 'amd64', os.version: '10.0', java.version: '1.8.0_301'
Driver info: io.appium.java_client.AppiumDriver
Capabilities {app: C:/Users/julia/Documents/QA..., appActivities: .main.MainActivity, appPackage: org.wikipedia, automationName: Appium, databaseEnabled: false, desired: {app: C:/Users/julia/Documents/QA..., appActivities: .main.MainActivity, appPackage: org.wikipedia, automationName: Appium, deviceName: qa_new, platformName: android, platformVersion: 8.1}, deviceApiLevel: 27, deviceManufacturer: Google, deviceModel: Android SDK built for x86, deviceName: emulator-5554, deviceScreenDensity: 480, deviceScreenSize: 1080x1920, deviceUDID: emulator-5554, javascriptEnabled: true, locationContextEnabled: false, networkConnectionEnabled: true, pixelRatio: 3, platform: LINUX, platformName: Android, platformVersion: 8.1.0, statBarHeight: 72, takesScreenshot: true, viewportRect: {height: 1704, left: 0, top: 72, width: 1080}, warnings: {}, webStorageEnabled: false}
Session ID: 890c8c98-91cc-439b-b4da-9a9eec4b5eaf
*** Element info: {Using=xpath, value=/*[@resource-id= 'org.wikipedia:id/explore_overflow_account_container']}[Ljava.lang.StackTraceElement;@2b5c5cc6
20:06:14  INFO  configWiki.AppiumListener - Screen with error---C:\Users\julia\Documents\QA\QA_Automation\QA\Qa30_Wiki\src\test\resources\ScreenshotsNew374.png
20:06:15  INFO  configWiki.AppiumListener - Start find element---By.xpath: /*[@resource-id= 'org.wikipedia:id/explore_overflow_account_container']
20:06:15  INFO  configWiki.AppiumListener - The element was found---By.xpath: /*[@resource-id= 'org.wikipedia:id/explore_overflow_account_container']
20:06:15  INFO  configWiki.AppiumListener - You have a problem with----An element could not be located on the page using the given search parameters.
For documentation on this error, please visit: https://www.seleniumhq.org/exceptions/no_such_element.html
Build info: version: '3.141.59', revision: 'e82be7d358', time: '2018-11-14T08:17:03'
System info: host: 'LAPTOP-BETKQUU3', ip: '172.18.106.96', os.name: 'Windows 10', os.arch: 'amd64', os.version: '10.0', java.version: '1.8.0_301'
Driver info: io.appium.java_client.AppiumDriver
Capabilities {app: C:/Users/julia/Documents/QA..., appActivities: .main.MainActivity, appPackage: org.wikipedia, automationName: Appium, databaseEnabled: false, desired: {app: C:/Users/julia/Documents/QA..., appActivities: .main.MainActivity, appPackage: org.wikipedia, automationName: Appium, deviceName: qa_new, platformName: android, platformVersion: 8.1}, deviceApiLevel: 27, deviceManufacturer: Google, deviceModel: Android SDK built for x86, deviceName: emulator-5554, deviceScreenDensity: 480, deviceScreenSize: 1080x1920, deviceUDID: emulator-5554, javascriptEnabled: true, locationContextEnabled: false, networkConnectionEnabled: true, pixelRatio: 3, platform: LINUX, platformName: Android, platformVersion: 8.1.0, statBarHeight: 72, takesScreenshot: true, viewportRect: {height: 1704, left: 0, top: 72, width: 1080}, warnings: {}, webStorageEnabled: false}
Session ID: 890c8c98-91cc-439b-b4da-9a9eec4b5eaf
*** Element info: {Using=xpath, value=/*[@resource-id= 'org.wikipedia:id/explore_overflow_account_container']}[Ljava.lang.StackTraceElement;@3b44a27e
20:06:16  INFO  configWiki.AppiumListener - Screen with error---C:\Users\julia\Documents\QA\QA_Automation\QA\Qa30_Wiki\src\test\resources\ScreenshotsNew376.png
20:06:16  INFO  configWiki.AppiumListener - Start find element---By.xpath: /*[@resource-id= 'org.wikipedia:id/explore_overflow_account_container']
20:06:16  INFO  configWiki.AppiumListener - The element was found---By.xpath: /*[@resource-id= 'org.wikipedia:id/explore_overflow_account_container']
20:06:16  INFO  configWiki.AppiumListener - You have a problem with----An element could not be located on the page using the given search parameters.
For documentation on this error, please visit: https://www.seleniumhq.org/exceptions/no_such_element.html
Build info: version: '3.141.59', revision: 'e82be7d358', time: '2018-11-14T08:17:03'
System info: host: 'LAPTOP-BETKQUU3', ip: '172.18.106.96', os.name: 'Windows 10', os.arch: 'amd64', os.version: '10.0', java.version: '1.8.0_301'
Driver info: io.appium.java_client.AppiumDriver
Capabilities {app: C:/Users/julia/Documents/QA..., appActivities: .main.MainActivity, appPackage: org.wikipedia, automationName: Appium, databaseEnabled: false, desired: {app: C:/Users/julia/Documents/QA..., appActivities: .main.MainActivity, appPackage: org.wikipedia, automationName: Appium, deviceName: qa_new, platformName: android, platformVersion: 8.1}, deviceApiLevel: 27, deviceManufacturer: Google, deviceModel: Android SDK built for x86, deviceName: emulator-5554, deviceScreenDensity: 480, deviceScreenSize: 1080x1920, deviceUDID: emulator-5554, javascriptEnabled: true, locationContextEnabled: false, networkConnectionEnabled: true, pixelRatio: 3, platform: LINUX, platformName: Android, platformVersion: 8.1.0, statBarHeight: 72, takesScreenshot: true, viewportRect: {height: 1704, left: 0, top: 72, width: 1080}, warnings: {}, webStorageEnabled: false}
Session ID: 890c8c98-91cc-439b-b4da-9a9eec4b5eaf
*** Element info: {Using=xpath, value=/*[@resource-id= 'org.wikipedia:id/explore_overflow_account_container']}[Ljava.lang.StackTraceElement;@4657f031
20:06:17  INFO  configWiki.AppiumListener - Screen with error---C:\Users\julia\Documents\QA\QA_Automation\QA\Qa30_Wiki\src\test\resources\ScreenshotsNew377.png
20:06:17  INFO  configWiki.AppiumListener - Start find element---By.xpath: /*[@resource-id= 'org.wikipedia:id/explore_overflow_account_container']
20:06:17  INFO  configWiki.AppiumListener - The element was found---By.xpath: /*[@resource-id= 'org.wikipedia:id/explore_overflow_account_container']
20:06:17  INFO  configWiki.AppiumListener - You have a problem with----An element could not be located on the page using the given search parameters.
For documentation on this error, please visit: https://www.seleniumhq.org/exceptions/no_such_element.html
Build info: version: '3.141.59', revision: 'e82be7d358', time: '2018-11-14T08:17:03'
System info: host: 'LAPTOP-BETKQUU3', ip: '172.18.106.96', os.name: 'Windows 10', os.arch: 'amd64', os.version: '10.0', java.version: '1.8.0_301'
Driver info: io.appium.java_client.AppiumDriver
Capabilities {app: C:/Users/julia/Documents/QA..., appActivities: .main.MainActivity, appPackage: org.wikipedia, automationName: Appium, databaseEnabled: false, desired: {app: C:/Users/julia/Documents/QA..., appActivities: .main.MainActivity, appPackage: org.wikipedia, automationName: Appium, deviceName: qa_new, platformName: android, platformVersion: 8.1}, deviceApiLevel: 27, deviceManufacturer: Google, deviceModel: Android SDK built for x86, deviceName: emulator-5554, deviceScreenDensity: 480, deviceScreenSize: 1080x1920, deviceUDID: emulator-5554, javascriptEnabled: true, locationContextEnabled: false, networkConnectionEnabled: true, pixelRatio: 3, platform: LINUX, platformName: Android, platformVersion: 8.1.0, statBarHeight: 72, takesScreenshot: true, viewportRect: {height: 1704, left: 0, top: 72, width: 1080}, warnings: {}, webStorageEnabled: false}
Session ID: 890c8c98-91cc-439b-b4da-9a9eec4b5eaf
*** Element info: {Using=xpath, value=/*[@resource-id= 'org.wikipedia:id/explore_overflow_account_container']}[Ljava.lang.StackTraceElement;@1e2cc7b0
20:06:18  INFO  configWiki.AppiumListener - Screen with error---C:\Users\julia\Documents\QA\QA_Automation\QA\Qa30_Wiki\src\test\resources\ScreenshotsNew378.png
20:06:18  INFO  configWiki.AppiumListener - Start find element---By.xpath: /*[@resource-id= 'org.wikipedia:id/explore_overflow_account_container']
20:06:19  INFO  configWiki.AppiumListener - The element was found---By.xpath: /*[@resource-id= 'org.wikipedia:id/explore_overflow_account_container']
20:06:19  INFO  configWiki.AppiumListener - You have a problem with----An element could not be located on the page using the given search parameters.
For documentation on this error, please visit: https://www.seleniumhq.org/exceptions/no_such_element.html
Build info: version: '3.141.59', revision: 'e82be7d358', time: '2018-11-14T08:17:03'
System info: host: 'LAPTOP-BETKQUU3', ip: '172.18.106.96', os.name: 'Windows 10', os.arch: 'amd64', os.version: '10.0', java.version: '1.8.0_301'
Driver info: io.appium.java_client.AppiumDriver
Capabilities {app: C:/Users/julia/Documents/QA..., appActivities: .main.MainActivity, appPackage: org.wikipedia, automationName: Appium, databaseEnabled: false, desired: {app: C:/Users/julia/Documents/QA..., appActivities: .main.MainActivity, appPackage: org.wikipedia, automationName: Appium, deviceName: qa_new, platformName: android, platformVersion: 8.1}, deviceApiLevel: 27, deviceManufacturer: Google, deviceModel: Android SDK built for x86, deviceName: emulator-5554, deviceScreenDensity: 480, deviceScreenSize: 1080x1920, deviceUDID: emulator-5554, javascriptEnabled: true, locationContextEnabled: false, networkConnectionEnabled: true, pixelRatio: 3, platform: LINUX, platformName: Android, platformVersion: 8.1.0, statBarHeight: 72, takesScreenshot: true, viewportRect: {height: 1704, left: 0, top: 72, width: 1080}, warnings: {}, webStorageEnabled: false}
Session ID: 890c8c98-91cc-439b-b4da-9a9eec4b5eaf
*** Element info: {Using=xpath, value=/*[@resource-id= 'org.wikipedia:id/explore_overflow_account_container']}[Ljava.lang.StackTraceElement;@1858b32
20:06:19  INFO  configWiki.AppiumListener - Screen with error---C:\Users\julia\Documents\QA\QA_Automation\QA\Qa30_Wiki\src\test\resources\ScreenshotsNew379.png
20:06:20  INFO  configWiki.AppiumListener - Start find element---By.xpath: /*[@resource-id= 'org.wikipedia:id/explore_overflow_account_container']
20:06:20  INFO  configWiki.AppiumListener - The element was found---By.xpath: /*[@resource-id= 'org.wikipedia:id/explore_overflow_account_container']
20:06:20  INFO  configWiki.AppiumListener - You have a problem with----An element could not be located on the page using the given search parameters.
For documentation on this error, please visit: https://www.seleniumhq.org/exceptions/no_such_element.html
Build info: version: '3.141.59', revision: 'e82be7d358', time: '2018-11-14T08:17:03'
System info: host: 'LAPTOP-BETKQUU3', ip: '172.18.106.96', os.name: 'Windows 10', os.arch: 'amd64', os.version: '10.0', java.version: '1.8.0_301'
Driver info: io.appium.java_client.AppiumDriver
Capabilities {app: C:/Users/julia/Documents/QA..., appActivities: .main.MainActivity, appPackage: org.wikipedia, automationName: Appium, databaseEnabled: false, desired: {app: C:/Users/julia/Documents/QA..., appActivities: .main.MainActivity, appPackage: org.wikipedia, automationName: Appium, deviceName: qa_new, platformName: android, platformVersion: 8.1}, deviceApiLevel: 27, deviceManufacturer: Google, deviceModel: Android SDK built for x86, deviceName: emulator-5554, deviceScreenDensity: 480, deviceScreenSize: 1080x1920, deviceUDID: emulator-5554, javascriptEnabled: true, locationContextEnabled: false, networkConnectionEnabled: true, pixelRatio: 3, platform: LINUX, platformName: Android, platformVersion: 8.1.0, statBarHeight: 72, takesScreenshot: true, viewportRect: {height: 1704, left: 0, top: 72, width: 1080}, warnings: {}, webStorageEnabled: false}
Session ID: 890c8c98-91cc-439b-b4da-9a9eec4b5eaf
*** Element info: {Using=xpath, value=/*[@resource-id= 'org.wikipedia:id/explore_overflow_account_container']}[Ljava.lang.StackTraceElement;@32396911
20:06:21  INFO  configWiki.AppiumListener - Screen with error---C:\Users\julia\Documents\QA\QA_Automation\QA\Qa30_Wiki\src\test\resources\ScreenshotsNew381.png
